2021/02/27 09:50:06 : INSERT INTO `_DBPRF_usermeta` (`user_id`, `meta_key`, `meta_value`) VALUES (null, 'shipping_state', ''): <span class="message-alert-error">Column 'user_id' cannot be null</span>
2021/02/27 09:50:06 : INSERT INTO `_DBPRF_usermeta` (`user_id`, `meta_key`, `meta_value`) VALUES (null, 'billing_city', ''): <span class="message-alert-error">Column 'user_id' cannot be null</span>
2021/02/27 09:50:06 : INSERT INTO `_DBPRF_usermeta` (`user_id`, `meta_key`, `meta_value`) VALUES (null, 'billing_postcode', ''): <span class="message-alert-error">Column 'user_id' cannot be null</span>
2021/02/27 09:50:06 : INSERT INTO `_DBPRF_usermeta` (`user_id`, `meta_key`, `meta_value`) VALUES (null, 'billing_country', ''): <span class="message-alert-error">Column 'user_id' cannot be null</span>
2021/02/27 09:50:06 : INSERT INTO `_DBPRF_usermeta` (`user_id`, `meta_key`, `meta_value`) VALUES (null, 'billing_state', ''): <span class="message-alert-error">Column 'user_id' cannot be null</span>
2021/02/27 09:50:06 : INSERT INTO `_DBPRF_usermeta` (`user_id`, `meta_key`, `meta_value`) VALUES (null, 'billing_phone', ''): <span class="message-alert-error">Column 'user_id' cannot be null</span>
2021/02/27 09:50:06 : INSERT INTO `_DBPRF_usermeta` (`user_id`, `meta_key`, `meta_value`) VALUES (null, 'billing_email', ''): <span class="message-alert-error">Column 'user_id' cannot be null</span>
2021/02/27 09:50:06 : INSERT INTO `_DBPRF_usermeta` (`user_id`, `meta_key`, `meta_value`) VALUES (null, 'shipping_first_name', ''): <span class="message-alert-error">Column 'user_id' cannot be null</span>
2021/02/27 09:50:06 : INSERT INTO `_DBPRF_usermeta` (`user_id`, `meta_key`, `meta_value`) VALUES (null, 'shipping_last_name', ''): <span class="message-alert-error">Column 'user_id' cannot be null</span>
2021/02/27 09:50:06 : INSERT INTO `_DBPRF_usermeta` (`user_id`, `meta_key`, `meta_value`) VALUES (null, 'shipping_company', ''): <span class="message-alert-error">Column 'user_id' cannot be null</span>
2021/02/27 09:50:06 : INSERT INTO `_DBPRF_usermeta` (`user_id`, `meta_key`, `meta_value`) VALUES (null, 'shipping_address_1', ''): <span class="message-alert-error">Column 'user_id' cannot be null</span>
2021/02/27 09:50:06 : INSERT INTO `_DBPRF_usermeta` (`user_id`, `meta_key`, `meta_value`) VALUES (null, 'shipping_address_2', ''): <span class="message-alert-error">Column 'user_id' cannot be null</span>
2021/02/27 09:50:06 : INSERT INTO `_DBPRF_usermeta` (`user_id`, `meta_key`, `meta_value`) VALUES (null, 'shipping_city', ''): <span class="message-alert-error">Column 'user_id' cannot be null</span>
2021/02/27 09:50:06 : INSERT INTO `_DBPRF_usermeta` (`user_id`, `meta_key`, `meta_value`) VALUES (null, 'shipping_postcode', ''): <span class="message-alert-error">Column 'user_id' cannot be null</span>
2021/02/27 09:50:06 : INSERT INTO `_DBPRF_usermeta` (`user_id`, `meta_key`, `meta_value`) VALUES (null, 'shipping_country', ''): <span class="message-alert-error">Column 'user_id' cannot be null</span>
2021/02/27 09:50:06 : INSERT INTO `_DBPRF_usermeta` (`user_id`, `meta_key`, `meta_value`) VALUES (null, 'billing_address_2', ''): <span class="message-alert-error">Column 'user_id' cannot be null</span>
2021/02/27 09:50:06 : INSERT INTO `_DBPRF_usermeta` (`user_id`, `meta_key`, `meta_value`) VALUES (null, 'nickname', 'john@lsfulfillment.com'): <span class="message-alert-error">Column 'user_id' cannot be null</span>
2021/02/27 09:50:06 : INSERT INTO `_DBPRF_usermeta` (`user_id`, `meta_key`, `meta_value`) VALUES (null, 'first_name', 'John'): <span class="message-alert-error">Column 'user_id' cannot be null</span>
2021/02/27 09:50:06 : INSERT INTO `_DBPRF_usermeta` (`user_id`, `meta_key`, `meta_value`) VALUES (null, 'last_name', 'Nguyen'): <span class="message-alert-error">Column 'user_id' cannot be null</span>
2021/02/27 09:50:06 : INSERT INTO `_DBPRF_usermeta` (`user_id`, `meta_key`, `meta_value`) VALUES (null, 'description', ''): <span class="message-alert-error">Column 'user_id' cannot be null</span>
2021/02/27 09:50:06 : INSERT INTO `_DBPRF_usermeta` (`user_id`, `meta_key`, `meta_value`) VALUES (null, 'rich_editing', True): <span class="message-alert-error">Column 'user_id' cannot be null</span>
2021/02/27 09:50:06 : INSERT INTO `_DBPRF_usermeta` (`user_id`, `meta_key`, `meta_value`) VALUES (null, 'syntax_highlighting', True): <span class="message-alert-error">Column 'user_id' cannot be null</span>
2021/02/27 09:50:06 : INSERT INTO `_DBPRF_usermeta` (`user_id`, `meta_key`, `meta_value`) VALUES (null, 'comment_shortcuts', null): <span class="message-alert-error">Column 'user_id' cannot be null</span>
2021/02/27 09:50:06 : INSERT INTO `_DBPRF_usermeta` (`user_id`, `meta_key`, `meta_value`) VALUES (null, 'admin_color', 'fresh'): <span class="message-alert-error">Column 'user_id' cannot be null</span>
2021/02/27 09:50:06 : INSERT INTO `_DBPRF_usermeta` (`user_id`, `meta_key`, `meta_value`) VALUES (null, 'use_ssl', 0): <span class="message-alert-error">Column 'user_id' cannot be null</span>
2021/02/27 09:50:06 : INSERT INTO `_DBPRF_usermeta` (`user_id`, `meta_key`, `meta_value`) VALUES (null, 'show_admin_bar_front', True): <span class="message-alert-error">Column 'user_id' cannot be null</span>
2021/02/27 09:50:06 : INSERT INTO `_DBPRF_usermeta` (`user_id`, `meta_key`, `meta_value`) VALUES (null, 'locale', ''): <span class="message-alert-error">Column 'user_id' cannot be null</span>
2021/02/27 09:50:06 : INSERT INTO `_DBPRF_usermeta` (`user_id`, `meta_key`, `meta_value`) VALUES (null, 'wp_capabilities', 'a:1:{s:8:\"customer\";b:1;}'): <span class="message-alert-error">Column 'user_id' cannot be null</span>
2021/02/27 09:50:06 : INSERT INTO `_DBPRF_usermeta` (`user_id`, `meta_key`, `meta_value`) VALUES (null, 'wp_user_level', 0): <span class="message-alert-error">Column 'user_id' cannot be null</span>
2021/02/27 09:50:06 : INSERT INTO `_DBPRF_usermeta` (`user_id`, `meta_key`, `meta_value`) VALUES (null, 'last_update', '2021-02-27 09:50:05'): <span class="message-alert-error">Column 'user_id' cannot be null</span>
2021/02/27 09:50:06 : INSERT INTO `_DBPRF_usermeta` (`user_id`, `meta_key`, `meta_value`) VALUES (null, 'billing_address_1', ''): <span class="message-alert-error">Column 'user_id' cannot be null</span>
2021/02/27 09:50:06 : INSERT INTO `_DBPRF_usermeta` (`user_id`, `meta_key`, `meta_value`) VALUES (null, 'billing_company', ''): <span class="message-alert-error">Column 'user_id' cannot be null</span>
2021/02/27 09:50:06 : INSERT INTO `_DBPRF_usermeta` (`user_id`, `meta_key`, `meta_value`) VALUES (null, 'billing_last_name', ''): <span class="message-alert-error">Column 'user_id' cannot be null</span>
2021/02/27 09:50:06 : INSERT INTO `_DBPRF_usermeta` (`user_id`, `meta_key`, `meta_value`) VALUES (null, 'billing_first_name', ''): <span class="message-alert-error">Column 'user_id' cannot be null</span>
2021/02/27 09:50:06 : INSERT INTO `_DBPRF_usermeta` (`user_id`, `meta_key`, `meta_value`) VALUES (null, '_order_count', 0): <span class="message-alert-error">Column 'user_id' cannot be null</span>
2021/02/27 09:50:06 : INSERT INTO `_DBPRF_usermeta` (`user_id`, `meta_key`, `meta_value`) VALUES (null, 'shipping_state', ''): <span class="message-alert-error">Column 'user_id' cannot be null</span>
2021/02/27 09:50:06 : INSERT INTO `_DBPRF_usermeta` (`user_id`, `meta_key`, `meta_value`) VALUES (null, 'billing_city', ''): <span class="message-alert-error">Column 'user_id' cannot be null</span>
2021/02/27 09:50:06 : INSERT INTO `_DBPRF_usermeta` (`user_id`, `meta_key`, `meta_value`) VALUES (null, 'billing_postcode', ''): <span class="message-alert-error">Column 'user_id' cannot be null</span>
2021/02/27 09:50:06 : INSERT INTO `_DBPRF_usermeta` (`user_id`, `meta_key`, `meta_value`) VALUES (null, 'billing_country', ''): <span class="message-alert-error">Column 'user_id' cannot be null</span>
2021/02/27 09:50:06 : INSERT INTO `_DBPRF_usermeta` (`user_id`, `meta_key`, `meta_value`) VALUES (null, 'billing_state', ''): <span class="message-alert-error">Column 'user_id' cannot be null</span>
2021/02/27 09:50:06 : INSERT INTO `_DBPRF_usermeta` (`user_id`, `meta_key`, `meta_value`) VALUES (null, 'billing_phone', ''): <span class="message-alert-error">Column 'user_id' cannot be null</span>
2021/02/27 09:50:06 : INSERT INTO `_DBPRF_usermeta` (`user_id`, `meta_key`, `meta_value`) VALUES (null, 'billing_email', ''): <span class="message-alert-error">Column 'user_id' cannot be null</span>
2021/02/27 09:50:06 : INSERT INTO `_DBPRF_usermeta` (`user_id`, `meta_key`, `meta_value`) VALUES (null, 'shipping_first_name', ''): <span class="message-alert-error">Column 'user_id' cannot be null</span>
2021/02/27 09:50:06 : INSERT INTO `_DBPRF_usermeta` (`user_id`, `meta_key`, `meta_value`) VALUES (null, 'shipping_last_name', ''): <span class="message-alert-error">Column 'user_id' cannot be null</span>
2021/02/27 09:50:06 : INSERT INTO `_DBPRF_usermeta` (`user_id`, `meta_key`, `meta_value`) VALUES (null, 'shipping_company', ''): <span class="message-alert-error">Column 'user_id' cannot be null</span>
2021/02/27 09:50:06 : INSERT INTO `_DBPRF_usermeta` (`user_id`, `meta_key`, `meta_value`) VALUES (null, 'shipping_address_1', ''): <span class="message-alert-error">Column 'user_id' cannot be null</span>
2021/02/27 09:50:06 : INSERT INTO `_DBPRF_usermeta` (`user_id`, `meta_key`, `meta_value`) VALUES (null, 'shipping_address_2', ''): <span class="message-alert-error">Column 'user_id' cannot be null</span>
2021/02/27 09:50:06 : INSERT INTO `_DBPRF_usermeta` (`user_id`, `meta_key`, `meta_value`) VALUES (null, 'shipping_city', ''): <span class="message-alert-error">Column 'user_id' cannot be null</span>
2021/02/27 09:50:06 : INSERT INTO `_DBPRF_usermeta` (`user_id`, `meta_key`, `meta_value`) VALUES (null, 'shipping_postcode', ''): <span class="message-alert-error">Column 'user_id' cannot be null</span>
2021/02/27 09:50:06 : INSERT INTO `_DBPRF_usermeta` (`user_id`, `meta_key`, `meta_value`) VALUES (null, 'shipping_country', ''): <span class="message-alert-error">Column 'user_id' cannot be null</span>
2021/02/27 09:50:06 : INSERT INTO `_DBPRF_usermeta` (`user_id`, `meta_key`, `meta_value`) VALUES (null, 'billing_address_2', ''): <span class="message-alert-error">Column 'user_id' cannot be null</span>
2021/02/27 09:50:06 : INSERT INTO `_DBPRF_usermeta` (`user_id`, `meta_key`, `meta_value`) VALUES (null, 'nickname', 'tnguyen@fiveseventeensolutions.com'): <span class="message-alert-error">Column 'user_id' cannot be null</span>
2021/02/27 09:50:06 : INSERT INTO `_DBPRF_usermeta` (`user_id`, `meta_key`, `meta_value`) VALUES (null, 'first_name', 'Thuy'): <span class="message-alert-error">Column 'user_id' cannot be null</span>
2021/02/27 09:50:06 : INSERT INTO `_DBPRF_usermeta` (`user_id`, `meta_key`, `meta_value`) VALUES (null, 'last_name', 'Nguyen'): <span class="message-alert-error">Column 'user_id' cannot be null</span>
2021/02/27 09:50:06 : INSERT INTO `_DBPRF_usermeta` (`user_id`, `meta_key`, `meta_value`) VALUES (null, 'description', ''): <span class="message-alert-error">Column 'user_id' cannot be null</span>
2021/02/27 09:50:06 : INSERT INTO `_DBPRF_usermeta` (`user_id`, `meta_key`, `meta_value`) VALUES (null, 'rich_editing', True): <span class="message-alert-error">Column 'user_id' cannot be null</span>
2021/02/27 09:50:06 : INSERT INTO `_DBPRF_usermeta` (`user_id`, `meta_key`, `meta_value`) VALUES (null, 'syntax_highlighting', True): <span class="message-alert-error">Column 'user_id' cannot be null</span>
2021/02/27 09:50:06 : INSERT INTO `_DBPRF_usermeta` (`user_id`, `meta_key`, `meta_value`) VALUES (null, 'comment_shortcuts', null): <span class="message-alert-error">Column 'user_id' cannot be null</span>
2021/02/27 09:50:06 : INSERT INTO `_DBPRF_usermeta` (`user_id`, `meta_key`, `meta_value`) VALUES (null, 'admin_color', 'fresh'): <span class="message-alert-error">Column 'user_id' cannot be null</span>
2021/02/27 09:50:06 : INSERT INTO `_DBPRF_usermeta` (`user_id`, `meta_key`, `meta_value`) VALUES (null, 'use_ssl', 0): <span class="message-alert-error">Column 'user_id' cannot be null</span>
2021/02/27 09:50:06 : INSERT INTO `_DBPRF_usermeta` (`user_id`, `meta_key`, `meta_value`) VALUES (null, 'show_admin_bar_front', True): <span class="message-alert-error">Column 'user_id' cannot be null</span>
2021/02/27 09:50:06 : INSERT INTO `_DBPRF_usermeta` (`user_id`, `meta_key`, `meta_value`) VALUES (null, 'locale', ''): <span class="message-alert-error">Column 'user_id' cannot be null</span>
2021/02/27 09:50:06 : INSERT INTO `_DBPRF_usermeta` (`user_id`, `meta_key`, `meta_value`) VALUES (null, 'wp_capabilities', 'a:1:{s:8:\"customer\";b:1;}'): <span class="message-alert-error">Column 'user_id' cannot be null</span>
2021/02/27 09:50:06 : INSERT INTO `_DBPRF_usermeta` (`user_id`, `meta_key`, `meta_value`) VALUES (null, 'wp_user_level', 0): <span class="message-alert-error">Column 'user_id' cannot be null</span>
2021/02/27 09:50:06 : INSERT INTO `_DBPRF_usermeta` (`user_id`, `meta_key`, `meta_value`) VALUES (null, 'last_update', '2021-02-27 09:50:06'): <span class="message-alert-error">Column 'user_id' cannot be null</span>
2021/02/27 09:50:06 : INSERT INTO `_DBPRF_usermeta` (`user_id`, `meta_key`, `meta_value`) VALUES (null, 'billing_address_1', ''): <span class="message-alert-error">Column 'user_id' cannot be null</span>
2021/02/27 09:50:06 : INSERT INTO `_DBPRF_usermeta` (`user_id`, `meta_key`, `meta_value`) VALUES (null, 'billing_company', ''): <span class="message-alert-error">Column 'user_id' cannot be null</span>
2021/02/27 09:50:06 : INSERT INTO `_DBPRF_usermeta` (`user_id`, `meta_key`, `meta_value`) VALUES (null, 'billing_last_name', ''): <span class="message-alert-error">Column 'user_id' cannot be null</span>
2021/02/27 09:50:06 : INSERT INTO `_DBPRF_usermeta` (`user_id`, `meta_key`, `meta_value`) VALUES (null, 'billing_first_name', ''): <span class="message-alert-error">Column 'user_id' cannot be null</span>
2021/02/27 09:50:06 : INSERT INTO `_DBPRF_usermeta` (`user_id`, `meta_key`, `meta_value`) VALUES (null, '_order_count', 0): <span class="message-alert-error">Column 'user_id' cannot be null</span>
