2021/02/27 09:50:00 : ---------- Starting Demo Migration ID: 153 ----------
2021/02/27 09:50:01 : Current categories, products, customers, orders cleared
2021/02/27 09:50:03 : Migration of Categories is completed
2021/02/27 09:50:05 : Migration of Products is completed
2021/02/27 09:50:06 : Migration of Customers is completed
2021/02/27 09:50:09 : Migration of Orders is completed
2021/02/27 09:50:10 : Demo Migration ID: 153 completed
2021/02/27 09:56:14 : Migration of Products is completed
2021/02/27 09:56:14 : Migration of Customers is completed
2021/02/27 09:56:14 : Migration of Orders is completed
2021/02/27 09:56:15 : Demo Migration ID: 153 completed
2021/02/27 10:02:11 : Migration of Products is completed
2021/02/27 10:02:11 : Migration of Customers is completed
2021/02/27 10:02:12 : Migration of Orders is completed
2021/02/27 10:02:12 : Demo Migration ID: 153 completed
2021/02/27 10:14:23 : Migration of Categories is completed
2021/02/27 10:14:23 : Migration of Products is completed
2021/02/27 10:14:23 : Migration of Customers is completed
2021/02/27 10:14:24 : Migration of Orders is completed
2021/02/27 10:14:24 : Demo Migration ID: 153 completed
2021/02/27 10:16:46 : Migration of Products is completed
2021/02/27 10:16:46 : Migration of Customers is completed
2021/02/27 10:16:47 : Migration of Orders is completed
2021/02/27 10:16:47 : Demo Migration ID: 153 completed
2021/02/27 10:21:52 : Migration of Products is completed
2021/02/27 10:21:52 : Migration of Customers is completed
2021/02/27 10:21:52 : Migration of Orders is completed
2021/02/27 10:21:53 : Demo Migration ID: 153 completed
2021/02/27 10:30:08 : Migration of Products is completed
2021/02/27 10:30:08 : Migration of Customers is completed
2021/02/27 10:30:09 : Migration of Orders is completed
2021/02/27 10:30:09 : Demo Migration ID: 153 completed
2021/02/27 10:51:21 : Migration of Products is completed
2021/02/27 10:51:21 : Migration of Customers is completed
2021/02/27 10:51:21 : Migration of Orders is completed
2021/02/27 10:51:22 : Demo Migration ID: 153 completed
