2021/02/27 10:16:45 : products_errors 9: Traceback (most recent call last):
  File "/var/www/python/cartmigration/controllers/migration.py", line 1063, in migration
    check_import = fn_check_import(convert_data, main, ext)
  File "/var/www/python/cartmigration/models/cart/woocommerce.py", line 3157, in check_product_import
    "query": "SELECT * FROM `_DBPRF_term_taxonomy` WHERE term_id IN (" + term['data']['term_id'] + ")"
TypeError: list indices must be integers or slices, not str

2021/02/27 10:16:45 : products_errors 10: Traceback (most recent call last):
  File "/var/www/python/cartmigration/controllers/migration.py", line 1063, in migration
    check_import = fn_check_import(convert_data, main, ext)
  File "/var/www/python/cartmigration/models/cart/woocommerce.py", line 3157, in check_product_import
    "query": "SELECT * FROM `_DBPRF_term_taxonomy` WHERE term_id IN (" + term['data']['term_id'] + ")"
TypeError: list indices must be integers or slices, not str

2021/02/27 10:16:45 : products_errors 17: Traceback (most recent call last):
  File "/var/www/python/cartmigration/controllers/migration.py", line 1063, in migration
    check_import = fn_check_import(convert_data, main, ext)
  File "/var/www/python/cartmigration/models/cart/woocommerce.py", line 3157, in check_product_import
    "query": "SELECT * FROM `_DBPRF_term_taxonomy` WHERE term_id IN (" + term['data']['term_id'] + ")"
TypeError: list indices must be integers or slices, not str

2021/02/27 10:16:46 : products_errors 20: Traceback (most recent call last):
  File "/var/www/python/cartmigration/controllers/migration.py", line 1063, in migration
    check_import = fn_check_import(convert_data, main, ext)
  File "/var/www/python/cartmigration/models/cart/woocommerce.py", line 3157, in check_product_import
    "query": "SELECT * FROM `_DBPRF_term_taxonomy` WHERE term_id IN (" + term['data']['term_id'] + ")"
TypeError: list indices must be integers or slices, not str

2021/02/27 10:16:46 : products_errors 22: Traceback (most recent call last):
  File "/var/www/python/cartmigration/controllers/migration.py", line 1063, in migration
    check_import = fn_check_import(convert_data, main, ext)
  File "/var/www/python/cartmigration/models/cart/woocommerce.py", line 3157, in check_product_import
    "query": "SELECT * FROM `_DBPRF_term_taxonomy` WHERE term_id IN (" + term['data']['term_id'] + ")"
TypeError: list indices must be integers or slices, not str

2021/02/27 10:16:46 : products_errors 23: Traceback (most recent call last):
  File "/var/www/python/cartmigration/controllers/migration.py", line 1063, in migration
    check_import = fn_check_import(convert_data, main, ext)
  File "/var/www/python/cartmigration/models/cart/woocommerce.py", line 3157, in check_product_import
    "query": "SELECT * FROM `_DBPRF_term_taxonomy` WHERE term_id IN (" + term['data']['term_id'] + ")"
TypeError: list indices must be integers or slices, not str

2021/02/27 10:16:46 : products_errors 24: Traceback (most recent call last):
  File "/var/www/python/cartmigration/controllers/migration.py", line 1063, in migration
    check_import = fn_check_import(convert_data, main, ext)
  File "/var/www/python/cartmigration/models/cart/woocommerce.py", line 3157, in check_product_import
    "query": "SELECT * FROM `_DBPRF_term_taxonomy` WHERE term_id IN (" + term['data']['term_id'] + ")"
TypeError: list indices must be integers or slices, not str

2021/02/27 10:16:46 : products_errors 25: Traceback (most recent call last):
  File "/var/www/python/cartmigration/controllers/migration.py", line 1063, in migration
    check_import = fn_check_import(convert_data, main, ext)
  File "/var/www/python/cartmigration/models/cart/woocommerce.py", line 3157, in check_product_import
    "query": "SELECT * FROM `_DBPRF_term_taxonomy` WHERE term_id IN (" + term['data']['term_id'] + ")"
TypeError: list indices must be integers or slices, not str

2021/02/27 10:16:46 : products_errors 37: Traceback (most recent call last):
  File "/var/www/python/cartmigration/controllers/migration.py", line 1063, in migration
    check_import = fn_check_import(convert_data, main, ext)
  File "/var/www/python/cartmigration/models/cart/woocommerce.py", line 3157, in check_product_import
    "query": "SELECT * FROM `_DBPRF_term_taxonomy` WHERE term_id IN (" + term['data']['term_id'] + ")"
TypeError: list indices must be integers or slices, not str

2021/02/27 10:16:46 : products_errors 39: Traceback (most recent call last):
  File "/var/www/python/cartmigration/controllers/migration.py", line 1063, in migration
    check_import = fn_check_import(convert_data, main, ext)
  File "/var/www/python/cartmigration/models/cart/woocommerce.py", line 3157, in check_product_import
    "query": "SELECT * FROM `_DBPRF_term_taxonomy` WHERE term_id IN (" + term['data']['term_id'] + ")"
TypeError: list indices must be integers or slices, not str

2021/02/27 10:16:46 : products_errors 41: Traceback (most recent call last):
  File "/var/www/python/cartmigration/controllers/migration.py", line 1063, in migration
    check_import = fn_check_import(convert_data, main, ext)
  File "/var/www/python/cartmigration/models/cart/woocommerce.py", line 3157, in check_product_import
    "query": "SELECT * FROM `_DBPRF_term_taxonomy` WHERE term_id IN (" + term['data']['term_id'] + ")"
TypeError: list indices must be integers or slices, not str

2021/02/27 10:16:46 : products_errors 42: Traceback (most recent call last):
  File "/var/www/python/cartmigration/controllers/migration.py", line 1063, in migration
    check_import = fn_check_import(convert_data, main, ext)
  File "/var/www/python/cartmigration/models/cart/woocommerce.py", line 3157, in check_product_import
    "query": "SELECT * FROM `_DBPRF_term_taxonomy` WHERE term_id IN (" + term['data']['term_id'] + ")"
TypeError: list indices must be integers or slices, not str

2021/02/27 10:16:46 : products_errors 43: Traceback (most recent call last):
  File "/var/www/python/cartmigration/controllers/migration.py", line 1063, in migration
    check_import = fn_check_import(convert_data, main, ext)
  File "/var/www/python/cartmigration/models/cart/woocommerce.py", line 3157, in check_product_import
    "query": "SELECT * FROM `_DBPRF_term_taxonomy` WHERE term_id IN (" + term['data']['term_id'] + ")"
TypeError: list indices must be integers or slices, not str

2021/02/27 10:16:46 : products_errors 44: Traceback (most recent call last):
  File "/var/www/python/cartmigration/controllers/migration.py", line 1063, in migration
    check_import = fn_check_import(convert_data, main, ext)
  File "/var/www/python/cartmigration/models/cart/woocommerce.py", line 3157, in check_product_import
    "query": "SELECT * FROM `_DBPRF_term_taxonomy` WHERE term_id IN (" + term['data']['term_id'] + ")"
TypeError: list indices must be integers or slices, not str

2021/02/27 10:16:46 : products_errors 47: Traceback (most recent call last):
  File "/var/www/python/cartmigration/controllers/migration.py", line 1063, in migration
    check_import = fn_check_import(convert_data, main, ext)
  File "/var/www/python/cartmigration/models/cart/woocommerce.py", line 3157, in check_product_import
    "query": "SELECT * FROM `_DBPRF_term_taxonomy` WHERE term_id IN (" + term['data']['term_id'] + ")"
TypeError: list indices must be integers or slices, not str

2021/02/27 10:16:46 : products_errors 48: Traceback (most recent call last):
  File "/var/www/python/cartmigration/controllers/migration.py", line 1063, in migration
    check_import = fn_check_import(convert_data, main, ext)
  File "/var/www/python/cartmigration/models/cart/woocommerce.py", line 3157, in check_product_import
    "query": "SELECT * FROM `_DBPRF_term_taxonomy` WHERE term_id IN (" + term['data']['term_id'] + ")"
TypeError: list indices must be integers or slices, not str

2021/02/27 10:16:46 : products_errors 49: Traceback (most recent call last):
  File "/var/www/python/cartmigration/controllers/migration.py", line 1063, in migration
    check_import = fn_check_import(convert_data, main, ext)
  File "/var/www/python/cartmigration/models/cart/woocommerce.py", line 3157, in check_product_import
    "query": "SELECT * FROM `_DBPRF_term_taxonomy` WHERE term_id IN (" + term['data']['term_id'] + ")"
TypeError: list indices must be integers or slices, not str

2021/02/27 10:21:51 : products_errors 9: Traceback (most recent call last):
  File "/var/www/python/cartmigration/controllers/migration.py", line 1063, in migration
    check_import = fn_check_import(convert_data, main, ext)
  File "/var/www/python/cartmigration/models/cart/woocommerce.py", line 3157, in check_product_import
    "query": "SELECT * FROM `_DBPRF_term_taxonomy` WHERE term_id IN (" + term['data']['term_id'] + ")"
TypeError: list indices must be integers or slices, not str

2021/02/27 10:21:51 : products_errors 10: Traceback (most recent call last):
  File "/var/www/python/cartmigration/controllers/migration.py", line 1063, in migration
    check_import = fn_check_import(convert_data, main, ext)
  File "/var/www/python/cartmigration/models/cart/woocommerce.py", line 3157, in check_product_import
    "query": "SELECT * FROM `_DBPRF_term_taxonomy` WHERE term_id IN (" + term['data']['term_id'] + ")"
TypeError: list indices must be integers or slices, not str

2021/02/27 10:21:51 : products_errors 17: Traceback (most recent call last):
  File "/var/www/python/cartmigration/controllers/migration.py", line 1063, in migration
    check_import = fn_check_import(convert_data, main, ext)
  File "/var/www/python/cartmigration/models/cart/woocommerce.py", line 3157, in check_product_import
    "query": "SELECT * FROM `_DBPRF_term_taxonomy` WHERE term_id IN (" + term['data']['term_id'] + ")"
TypeError: list indices must be integers or slices, not str

2021/02/27 10:21:51 : products_errors 20: Traceback (most recent call last):
  File "/var/www/python/cartmigration/controllers/migration.py", line 1063, in migration
    check_import = fn_check_import(convert_data, main, ext)
  File "/var/www/python/cartmigration/models/cart/woocommerce.py", line 3157, in check_product_import
    "query": "SELECT * FROM `_DBPRF_term_taxonomy` WHERE term_id IN (" + term['data']['term_id'] + ")"
TypeError: list indices must be integers or slices, not str

2021/02/27 10:21:51 : products_errors 22: Traceback (most recent call last):
  File "/var/www/python/cartmigration/controllers/migration.py", line 1063, in migration
    check_import = fn_check_import(convert_data, main, ext)
  File "/var/www/python/cartmigration/models/cart/woocommerce.py", line 3157, in check_product_import
    "query": "SELECT * FROM `_DBPRF_term_taxonomy` WHERE term_id IN (" + term['data']['term_id'] + ")"
TypeError: list indices must be integers or slices, not str

2021/02/27 10:21:52 : products_errors 23: Traceback (most recent call last):
  File "/var/www/python/cartmigration/controllers/migration.py", line 1063, in migration
    check_import = fn_check_import(convert_data, main, ext)
  File "/var/www/python/cartmigration/models/cart/woocommerce.py", line 3157, in check_product_import
    "query": "SELECT * FROM `_DBPRF_term_taxonomy` WHERE term_id IN (" + term['data']['term_id'] + ")"
TypeError: list indices must be integers or slices, not str

2021/02/27 10:21:52 : products_errors 24: Traceback (most recent call last):
  File "/var/www/python/cartmigration/controllers/migration.py", line 1063, in migration
    check_import = fn_check_import(convert_data, main, ext)
  File "/var/www/python/cartmigration/models/cart/woocommerce.py", line 3157, in check_product_import
    "query": "SELECT * FROM `_DBPRF_term_taxonomy` WHERE term_id IN (" + term['data']['term_id'] + ")"
TypeError: list indices must be integers or slices, not str

2021/02/27 10:21:52 : products_errors 25: Traceback (most recent call last):
  File "/var/www/python/cartmigration/controllers/migration.py", line 1063, in migration
    check_import = fn_check_import(convert_data, main, ext)
  File "/var/www/python/cartmigration/models/cart/woocommerce.py", line 3157, in check_product_import
    "query": "SELECT * FROM `_DBPRF_term_taxonomy` WHERE term_id IN (" + term['data']['term_id'] + ")"
TypeError: list indices must be integers or slices, not str

2021/02/27 10:21:52 : products_errors 37: Traceback (most recent call last):
  File "/var/www/python/cartmigration/controllers/migration.py", line 1063, in migration
    check_import = fn_check_import(convert_data, main, ext)
  File "/var/www/python/cartmigration/models/cart/woocommerce.py", line 3157, in check_product_import
    "query": "SELECT * FROM `_DBPRF_term_taxonomy` WHERE term_id IN (" + term['data']['term_id'] + ")"
TypeError: list indices must be integers or slices, not str

2021/02/27 10:21:52 : products_errors 39: Traceback (most recent call last):
  File "/var/www/python/cartmigration/controllers/migration.py", line 1063, in migration
    check_import = fn_check_import(convert_data, main, ext)
  File "/var/www/python/cartmigration/models/cart/woocommerce.py", line 3157, in check_product_import
    "query": "SELECT * FROM `_DBPRF_term_taxonomy` WHERE term_id IN (" + term['data']['term_id'] + ")"
TypeError: list indices must be integers or slices, not str

2021/02/27 10:21:52 : products_errors 41: Traceback (most recent call last):
  File "/var/www/python/cartmigration/controllers/migration.py", line 1063, in migration
    check_import = fn_check_import(convert_data, main, ext)
  File "/var/www/python/cartmigration/models/cart/woocommerce.py", line 3157, in check_product_import
    "query": "SELECT * FROM `_DBPRF_term_taxonomy` WHERE term_id IN (" + term['data']['term_id'] + ")"
TypeError: list indices must be integers or slices, not str

2021/02/27 10:21:52 : products_errors 42: Traceback (most recent call last):
  File "/var/www/python/cartmigration/controllers/migration.py", line 1063, in migration
    check_import = fn_check_import(convert_data, main, ext)
  File "/var/www/python/cartmigration/models/cart/woocommerce.py", line 3157, in check_product_import
    "query": "SELECT * FROM `_DBPRF_term_taxonomy` WHERE term_id IN (" + term['data']['term_id'] + ")"
TypeError: list indices must be integers or slices, not str

2021/02/27 10:21:52 : products_errors 43: Traceback (most recent call last):
  File "/var/www/python/cartmigration/controllers/migration.py", line 1063, in migration
    check_import = fn_check_import(convert_data, main, ext)
  File "/var/www/python/cartmigration/models/cart/woocommerce.py", line 3157, in check_product_import
    "query": "SELECT * FROM `_DBPRF_term_taxonomy` WHERE term_id IN (" + term['data']['term_id'] + ")"
TypeError: list indices must be integers or slices, not str

2021/02/27 10:21:52 : products_errors 44: Traceback (most recent call last):
  File "/var/www/python/cartmigration/controllers/migration.py", line 1063, in migration
    check_import = fn_check_import(convert_data, main, ext)
  File "/var/www/python/cartmigration/models/cart/woocommerce.py", line 3157, in check_product_import
    "query": "SELECT * FROM `_DBPRF_term_taxonomy` WHERE term_id IN (" + term['data']['term_id'] + ")"
TypeError: list indices must be integers or slices, not str

2021/02/27 10:21:52 : products_errors 47: Traceback (most recent call last):
  File "/var/www/python/cartmigration/controllers/migration.py", line 1063, in migration
    check_import = fn_check_import(convert_data, main, ext)
  File "/var/www/python/cartmigration/models/cart/woocommerce.py", line 3157, in check_product_import
    "query": "SELECT * FROM `_DBPRF_term_taxonomy` WHERE term_id IN (" + term['data']['term_id'] + ")"
TypeError: list indices must be integers or slices, not str

2021/02/27 10:21:52 : products_errors 48: Traceback (most recent call last):
  File "/var/www/python/cartmigration/controllers/migration.py", line 1063, in migration
    check_import = fn_check_import(convert_data, main, ext)
  File "/var/www/python/cartmigration/models/cart/woocommerce.py", line 3157, in check_product_import
    "query": "SELECT * FROM `_DBPRF_term_taxonomy` WHERE term_id IN (" + term['data']['term_id'] + ")"
TypeError: list indices must be integers or slices, not str

2021/02/27 10:21:52 : products_errors 49: Traceback (most recent call last):
  File "/var/www/python/cartmigration/controllers/migration.py", line 1063, in migration
    check_import = fn_check_import(convert_data, main, ext)
  File "/var/www/python/cartmigration/models/cart/woocommerce.py", line 3157, in check_product_import
    "query": "SELECT * FROM `_DBPRF_term_taxonomy` WHERE term_id IN (" + term['data']['term_id'] + ")"
TypeError: list indices must be integers or slices, not str

2021/02/27 10:30:07 : products_errors 9: Traceback (most recent call last):
  File "/var/www/python/cartmigration/controllers/migration.py", line 1063, in migration
    check_import = fn_check_import(convert_data, main, ext)
  File "/var/www/python/cartmigration/models/cart/woocommerce.py", line 3157, in check_product_import
    "query": f"SELECT * FROM `_DBPRF_term_taxonomy` WHERE term_id IN ('{term['data']['term_id']}')"
TypeError: list indices must be integers or slices, not str

2021/02/27 10:30:07 : products_errors 10: Traceback (most recent call last):
  File "/var/www/python/cartmigration/controllers/migration.py", line 1063, in migration
    check_import = fn_check_import(convert_data, main, ext)
  File "/var/www/python/cartmigration/models/cart/woocommerce.py", line 3157, in check_product_import
    "query": f"SELECT * FROM `_DBPRF_term_taxonomy` WHERE term_id IN ('{term['data']['term_id']}')"
TypeError: list indices must be integers or slices, not str

2021/02/27 10:30:07 : products_errors 17: Traceback (most recent call last):
  File "/var/www/python/cartmigration/controllers/migration.py", line 1063, in migration
    check_import = fn_check_import(convert_data, main, ext)
  File "/var/www/python/cartmigration/models/cart/woocommerce.py", line 3157, in check_product_import
    "query": f"SELECT * FROM `_DBPRF_term_taxonomy` WHERE term_id IN ('{term['data']['term_id']}')"
TypeError: list indices must be integers or slices, not str

2021/02/27 10:30:07 : products_errors 20: Traceback (most recent call last):
  File "/var/www/python/cartmigration/controllers/migration.py", line 1063, in migration
    check_import = fn_check_import(convert_data, main, ext)
  File "/var/www/python/cartmigration/models/cart/woocommerce.py", line 3157, in check_product_import
    "query": f"SELECT * FROM `_DBPRF_term_taxonomy` WHERE term_id IN ('{term['data']['term_id']}')"
TypeError: list indices must be integers or slices, not str

2021/02/27 10:30:08 : products_errors 22: Traceback (most recent call last):
  File "/var/www/python/cartmigration/controllers/migration.py", line 1063, in migration
    check_import = fn_check_import(convert_data, main, ext)
  File "/var/www/python/cartmigration/models/cart/woocommerce.py", line 3157, in check_product_import
    "query": f"SELECT * FROM `_DBPRF_term_taxonomy` WHERE term_id IN ('{term['data']['term_id']}')"
TypeError: list indices must be integers or slices, not str

2021/02/27 10:30:08 : products_errors 23: Traceback (most recent call last):
  File "/var/www/python/cartmigration/controllers/migration.py", line 1063, in migration
    check_import = fn_check_import(convert_data, main, ext)
  File "/var/www/python/cartmigration/models/cart/woocommerce.py", line 3157, in check_product_import
    "query": f"SELECT * FROM `_DBPRF_term_taxonomy` WHERE term_id IN ('{term['data']['term_id']}')"
TypeError: list indices must be integers or slices, not str

2021/02/27 10:30:08 : products_errors 24: Traceback (most recent call last):
  File "/var/www/python/cartmigration/controllers/migration.py", line 1063, in migration
    check_import = fn_check_import(convert_data, main, ext)
  File "/var/www/python/cartmigration/models/cart/woocommerce.py", line 3157, in check_product_import
    "query": f"SELECT * FROM `_DBPRF_term_taxonomy` WHERE term_id IN ('{term['data']['term_id']}')"
TypeError: list indices must be integers or slices, not str

2021/02/27 10:30:08 : products_errors 25: Traceback (most recent call last):
  File "/var/www/python/cartmigration/controllers/migration.py", line 1063, in migration
    check_import = fn_check_import(convert_data, main, ext)
  File "/var/www/python/cartmigration/models/cart/woocommerce.py", line 3157, in check_product_import
    "query": f"SELECT * FROM `_DBPRF_term_taxonomy` WHERE term_id IN ('{term['data']['term_id']}')"
TypeError: list indices must be integers or slices, not str

2021/02/27 10:30:08 : products_errors 37: Traceback (most recent call last):
  File "/var/www/python/cartmigration/controllers/migration.py", line 1063, in migration
    check_import = fn_check_import(convert_data, main, ext)
  File "/var/www/python/cartmigration/models/cart/woocommerce.py", line 3157, in check_product_import
    "query": f"SELECT * FROM `_DBPRF_term_taxonomy` WHERE term_id IN ('{term['data']['term_id']}')"
TypeError: list indices must be integers or slices, not str

2021/02/27 10:30:08 : products_errors 39: Traceback (most recent call last):
  File "/var/www/python/cartmigration/controllers/migration.py", line 1063, in migration
    check_import = fn_check_import(convert_data, main, ext)
  File "/var/www/python/cartmigration/models/cart/woocommerce.py", line 3157, in check_product_import
    "query": f"SELECT * FROM `_DBPRF_term_taxonomy` WHERE term_id IN ('{term['data']['term_id']}')"
TypeError: list indices must be integers or slices, not str

2021/02/27 10:30:08 : products_errors 41: Traceback (most recent call last):
  File "/var/www/python/cartmigration/controllers/migration.py", line 1063, in migration
    check_import = fn_check_import(convert_data, main, ext)
  File "/var/www/python/cartmigration/models/cart/woocommerce.py", line 3157, in check_product_import
    "query": f"SELECT * FROM `_DBPRF_term_taxonomy` WHERE term_id IN ('{term['data']['term_id']}')"
TypeError: list indices must be integers or slices, not str

2021/02/27 10:30:08 : products_errors 42: Traceback (most recent call last):
  File "/var/www/python/cartmigration/controllers/migration.py", line 1063, in migration
    check_import = fn_check_import(convert_data, main, ext)
  File "/var/www/python/cartmigration/models/cart/woocommerce.py", line 3157, in check_product_import
    "query": f"SELECT * FROM `_DBPRF_term_taxonomy` WHERE term_id IN ('{term['data']['term_id']}')"
TypeError: list indices must be integers or slices, not str

2021/02/27 10:30:08 : products_errors 43: Traceback (most recent call last):
  File "/var/www/python/cartmigration/controllers/migration.py", line 1063, in migration
    check_import = fn_check_import(convert_data, main, ext)
  File "/var/www/python/cartmigration/models/cart/woocommerce.py", line 3157, in check_product_import
    "query": f"SELECT * FROM `_DBPRF_term_taxonomy` WHERE term_id IN ('{term['data']['term_id']}')"
TypeError: list indices must be integers or slices, not str

2021/02/27 10:30:08 : products_errors 44: Traceback (most recent call last):
  File "/var/www/python/cartmigration/controllers/migration.py", line 1063, in migration
    check_import = fn_check_import(convert_data, main, ext)
  File "/var/www/python/cartmigration/models/cart/woocommerce.py", line 3157, in check_product_import
    "query": f"SELECT * FROM `_DBPRF_term_taxonomy` WHERE term_id IN ('{term['data']['term_id']}')"
TypeError: list indices must be integers or slices, not str

2021/02/27 10:30:08 : products_errors 47: Traceback (most recent call last):
  File "/var/www/python/cartmigration/controllers/migration.py", line 1063, in migration
    check_import = fn_check_import(convert_data, main, ext)
  File "/var/www/python/cartmigration/models/cart/woocommerce.py", line 3157, in check_product_import
    "query": f"SELECT * FROM `_DBPRF_term_taxonomy` WHERE term_id IN ('{term['data']['term_id']}')"
TypeError: list indices must be integers or slices, not str

2021/02/27 10:30:08 : products_errors 48: Traceback (most recent call last):
  File "/var/www/python/cartmigration/controllers/migration.py", line 1063, in migration
    check_import = fn_check_import(convert_data, main, ext)
  File "/var/www/python/cartmigration/models/cart/woocommerce.py", line 3157, in check_product_import
    "query": f"SELECT * FROM `_DBPRF_term_taxonomy` WHERE term_id IN ('{term['data']['term_id']}')"
TypeError: list indices must be integers or slices, not str

2021/02/27 10:30:08 : products_errors 49: Traceback (most recent call last):
  File "/var/www/python/cartmigration/controllers/migration.py", line 1063, in migration
    check_import = fn_check_import(convert_data, main, ext)
  File "/var/www/python/cartmigration/models/cart/woocommerce.py", line 3157, in check_product_import
    "query": f"SELECT * FROM `_DBPRF_term_taxonomy` WHERE term_id IN ('{term['data']['term_id']}')"
TypeError: list indices must be integers or slices, not str

2021/02/27 10:35:12 : products_errors 9: Traceback (most recent call last):
  File "/var/www/python/cartmigration/controllers/migration.py", line 1063, in migration
    check_import = fn_check_import(convert_data, main, ext)
  File "/var/www/python/cartmigration/models/cart/woocommerce.py", line 3157, in check_product_import
    "query": f"SELECT * FROM `_DBPRF_term_taxonomy` WHERE term_id IN ('{term['data']['term_id']}')"
TypeError: list indices must be integers or slices, not str

2021/02/27 10:39:18 : products_errors 9: Traceback (most recent call last):
  File "/var/www/python/cartmigration/controllers/migration.py", line 1063, in migration
    check_import = fn_check_import(convert_data, main, ext)
  File "/var/www/python/cartmigration/models/cart/woocommerce.py", line 3137, in check_product_import
    pa = term['data']['term_id']
TypeError: list indices must be integers or slices, not str

