2021/02/14 08:27:34 : SELECT COUNT(1) AS count FROM  _DBPRF_StateTaxStates WHERE id > 0: <span class="message-alert-error">SQLSTATE[42S02]: Base table or view not found: 1146 Table 'customcart.StateTaxStates' doesn't exist</span>
2021/02/14 08:27:34 : SELECT COUNT(1) AS count FROM  _DBPRF_Categories WHERE id > 0: <span class="message-alert-error">SQLSTATE[42S02]: Base table or view not found: 1146 Table 'customcart.Categories' doesn't exist</span>
2021/02/14 08:27:34 : SELECT COUNT(1) AS count FROM  _DBPRF_Products WHERE id > 0: <span class="message-alert-error">SQLSTATE[42S02]: Base table or view not found: 1146 Table 'customcart.Products' doesn't exist</span>
2021/02/14 08:27:34 : SELECT COUNT(1) AS count FROM  _DBPRF_Customers WHERE id > 0: <span class="message-alert-error">SQLSTATE[42S02]: Base table or view not found: 1146 Table 'customcart.Customers' doesn't exist</span>
2021/02/14 08:27:34 : SELECT COUNT(1) AS count FROM  _DBPRF_Orders WHERE  id > 0: <span class="message-alert-error">SQLSTATE[42S02]: Base table or view not found: 1146 Table 'customcart.Orders' doesn't exist</span>
2021/02/14 08:27:34 : SELECT COUNT(1) AS count FROM _DBPRF_reviews WHERE reviews_id > 0: <span class="message-alert-error">SQLSTATE[42S02]: Base table or view not found: 1146 Table 'customcart.reviews' doesn't exist</span>
2021/02/14 08:28:01 : SELECT COUNT(1) AS count FROM  _DBPRF_StateTaxStates WHERE id > 0: <span class="message-alert-error">SQLSTATE[42S02]: Base table or view not found: 1146 Table 'customcart.StateTaxStates' doesn't exist</span>
2021/02/14 08:28:01 : SELECT COUNT(1) AS count FROM  _DBPRF_Categories WHERE id > 0: <span class="message-alert-error">SQLSTATE[42S02]: Base table or view not found: 1146 Table 'customcart.Categories' doesn't exist</span>
2021/02/14 08:28:01 : SELECT COUNT(1) AS count FROM  _DBPRF_Products WHERE id > 0: <span class="message-alert-error">SQLSTATE[42S02]: Base table or view not found: 1146 Table 'customcart.Products' doesn't exist</span>
2021/02/14 08:28:01 : SELECT COUNT(1) AS count FROM  _DBPRF_Customers WHERE id > 0: <span class="message-alert-error">SQLSTATE[42S02]: Base table or view not found: 1146 Table 'customcart.Customers' doesn't exist</span>
2021/02/14 08:28:01 : SELECT COUNT(1) AS count FROM  _DBPRF_Orders WHERE  id > 0: <span class="message-alert-error">SQLSTATE[42S02]: Base table or view not found: 1146 Table 'customcart.Orders' doesn't exist</span>
2021/02/14 08:28:01 : SELECT COUNT(1) AS count FROM _DBPRF_reviews WHERE reviews_id > 0: <span class="message-alert-error">SQLSTATE[42S02]: Base table or view not found: 1146 Table 'customcart.reviews' doesn't exist</span>
2021/02/14 19:08:34 : SELECT COUNT(1) AS count FROM  _DBPRF_StateTaxStates WHERE id > 0: <span class="message-alert-error">SQLSTATE[42S02]: Base table or view not found: 1146 Table 'customcart.StateTaxStates' doesn't exist</span>
2021/02/14 19:08:34 : SELECT COUNT(1) AS count FROM  _DBPRF_Categories WHERE id > 0: <span class="message-alert-error">SQLSTATE[42S02]: Base table or view not found: 1146 Table 'customcart.Categories' doesn't exist</span>
2021/02/14 19:08:34 : SELECT COUNT(1) AS count FROM  _DBPRF_Products WHERE id > 0: <span class="message-alert-error">SQLSTATE[42S02]: Base table or view not found: 1146 Table 'customcart.Products' doesn't exist</span>
2021/02/14 19:08:34 : SELECT COUNT(1) AS count FROM  _DBPRF_Customers WHERE id > 0: <span class="message-alert-error">SQLSTATE[42S02]: Base table or view not found: 1146 Table 'customcart.Customers' doesn't exist</span>
2021/02/14 19:08:34 : SELECT COUNT(1) AS count FROM  _DBPRF_Orders WHERE  id > 0: <span class="message-alert-error">SQLSTATE[42S02]: Base table or view not found: 1146 Table 'customcart.Orders' doesn't exist</span>
2021/02/14 19:08:34 : SELECT COUNT(1) AS count FROM _DBPRF_reviews WHERE reviews_id > 0: <span class="message-alert-error">SQLSTATE[42S02]: Base table or view not found: 1146 Table 'customcart.reviews' doesn't exist</span>
2021/02/14 19:11:55 : SELECT COUNT(1) AS count FROM  categories WHERE id > 0: <span class="message-alert-error">SQLSTATE[42S22]: Column not found: 1054 Unknown column 'id' in 'where clause'</span>
2021/02/14 19:13:22 : SELECT COUNT(1) AS count FROM  categories WHERE id > 0: <span class="message-alert-error">SQLSTATE[42S22]: Column not found: 1054 Unknown column 'id' in 'where clause'</span>
2021/02/14 19:20:23 : SELECT COUNT(1) AS count FROM  categories WHERE id > 0: <span class="message-alert-error">SQLSTATE[42S22]: Column not found: 1054 Unknown column 'id' in 'where clause'</span>
2021/02/14 19:21:06 : SELECT COUNT(1) AS count FROM  categories WHERE id > 0: <span class="message-alert-error">SQLSTATE[42S22]: Column not found: 1054 Unknown column 'id' in 'where clause'</span>
2021/02/27 07:18:15 : SELECT * FROM `_DBPRF_term_taxonomy` AS term_taxonomy LEFT JOIN _DBPRF_terms AS terms ON term_taxonomy.term_id = terms.term_id WHERE term_taxonomy.taxonomy = 'shop_order_status': <span class="message-alert-error">Table 'WORDPRESS_DB.term_taxonomy' doesn't exist</span>
