2021/02/16 13:29:51 : products_errors 9: Traceback (most recent call last):
  File "/var/www/python/cartmigration/controllers/migration.py", line 1036, in migration
    convert = fn_convert_export(main, ext)
  File "/var/www/python/cartmigration/models/cart/custom.py", line 544, in convert_product_export
    product_data['short_description'] = html.unescape(product_descriptions['products_description'])
TypeError: list indices must be integers or slices, not str

2021/02/16 13:29:51 : products_errors 10: Traceback (most recent call last):
  File "/var/www/python/cartmigration/controllers/migration.py", line 1036, in migration
    convert = fn_convert_export(main, ext)
  File "/var/www/python/cartmigration/models/cart/custom.py", line 544, in convert_product_export
    product_data['short_description'] = html.unescape(product_descriptions['products_description'])
TypeError: list indices must be integers or slices, not str

2021/02/16 13:29:51 : products_errors 16: Traceback (most recent call last):
  File "/var/www/python/cartmigration/controllers/migration.py", line 1036, in migration
    convert = fn_convert_export(main, ext)
  File "/var/www/python/cartmigration/models/cart/custom.py", line 544, in convert_product_export
    product_data['short_description'] = html.unescape(product_descriptions['products_description'])
TypeError: list indices must be integers or slices, not str

2021/02/16 13:29:51 : products_errors 17: Traceback (most recent call last):
  File "/var/www/python/cartmigration/controllers/migration.py", line 1036, in migration
    convert = fn_convert_export(main, ext)
  File "/var/www/python/cartmigration/models/cart/custom.py", line 544, in convert_product_export
    product_data['short_description'] = html.unescape(product_descriptions['products_description'])
TypeError: list indices must be integers or slices, not str

2021/02/16 13:29:51 : products_errors 18: Traceback (most recent call last):
  File "/var/www/python/cartmigration/controllers/migration.py", line 1036, in migration
    convert = fn_convert_export(main, ext)
  File "/var/www/python/cartmigration/models/cart/custom.py", line 544, in convert_product_export
    product_data['short_description'] = html.unescape(product_descriptions['products_description'])
TypeError: list indices must be integers or slices, not str

2021/02/16 13:29:51 : products_errors 19: Traceback (most recent call last):
  File "/var/www/python/cartmigration/controllers/migration.py", line 1036, in migration
    convert = fn_convert_export(main, ext)
  File "/var/www/python/cartmigration/models/cart/custom.py", line 544, in convert_product_export
    product_data['short_description'] = html.unescape(product_descriptions['products_description'])
TypeError: list indices must be integers or slices, not str

2021/02/16 13:29:51 : products_errors 20: Traceback (most recent call last):
  File "/var/www/python/cartmigration/controllers/migration.py", line 1036, in migration
    convert = fn_convert_export(main, ext)
  File "/var/www/python/cartmigration/models/cart/custom.py", line 544, in convert_product_export
    product_data['short_description'] = html.unescape(product_descriptions['products_description'])
TypeError: list indices must be integers or slices, not str

2021/02/16 13:29:51 : products_errors 22: Traceback (most recent call last):
  File "/var/www/python/cartmigration/controllers/migration.py", line 1036, in migration
    convert = fn_convert_export(main, ext)
  File "/var/www/python/cartmigration/models/cart/custom.py", line 544, in convert_product_export
    product_data['short_description'] = html.unescape(product_descriptions['products_description'])
TypeError: list indices must be integers or slices, not str

2021/02/16 13:29:51 : products_errors 23: Traceback (most recent call last):
  File "/var/www/python/cartmigration/controllers/migration.py", line 1036, in migration
    convert = fn_convert_export(main, ext)
  File "/var/www/python/cartmigration/models/cart/custom.py", line 544, in convert_product_export
    product_data['short_description'] = html.unescape(product_descriptions['products_description'])
TypeError: list indices must be integers or slices, not str

2021/02/16 13:29:51 : products_errors 24: Traceback (most recent call last):
  File "/var/www/python/cartmigration/controllers/migration.py", line 1036, in migration
    convert = fn_convert_export(main, ext)
  File "/var/www/python/cartmigration/models/cart/custom.py", line 544, in convert_product_export
    product_data['short_description'] = html.unescape(product_descriptions['products_description'])
TypeError: list indices must be integers or slices, not str

2021/02/16 13:29:51 : products_errors 25: Traceback (most recent call last):
  File "/var/www/python/cartmigration/controllers/migration.py", line 1036, in migration
    convert = fn_convert_export(main, ext)
  File "/var/www/python/cartmigration/models/cart/custom.py", line 544, in convert_product_export
    product_data['short_description'] = html.unescape(product_descriptions['products_description'])
TypeError: list indices must be integers or slices, not str

2021/02/16 13:29:51 : products_errors 37: Traceback (most recent call last):
  File "/var/www/python/cartmigration/controllers/migration.py", line 1036, in migration
    convert = fn_convert_export(main, ext)
  File "/var/www/python/cartmigration/models/cart/custom.py", line 544, in convert_product_export
    product_data['short_description'] = html.unescape(product_descriptions['products_description'])
TypeError: list indices must be integers or slices, not str

2021/02/16 13:29:51 : products_errors 39: Traceback (most recent call last):
  File "/var/www/python/cartmigration/controllers/migration.py", line 1036, in migration
    convert = fn_convert_export(main, ext)
  File "/var/www/python/cartmigration/models/cart/custom.py", line 544, in convert_product_export
    product_data['short_description'] = html.unescape(product_descriptions['products_description'])
TypeError: list indices must be integers or slices, not str

2021/02/16 13:29:51 : products_errors 41: Traceback (most recent call last):
  File "/var/www/python/cartmigration/controllers/migration.py", line 1036, in migration
    convert = fn_convert_export(main, ext)
  File "/var/www/python/cartmigration/models/cart/custom.py", line 544, in convert_product_export
    product_data['short_description'] = html.unescape(product_descriptions['products_description'])
TypeError: list indices must be integers or slices, not str

2021/02/16 13:29:51 : products_errors 42: Traceback (most recent call last):
  File "/var/www/python/cartmigration/controllers/migration.py", line 1036, in migration
    convert = fn_convert_export(main, ext)
  File "/var/www/python/cartmigration/models/cart/custom.py", line 544, in convert_product_export
    product_data['short_description'] = html.unescape(product_descriptions['products_description'])
TypeError: list indices must be integers or slices, not str

2021/02/16 13:29:51 : products_errors 43: Traceback (most recent call last):
  File "/var/www/python/cartmigration/controllers/migration.py", line 1036, in migration
    convert = fn_convert_export(main, ext)
  File "/var/www/python/cartmigration/models/cart/custom.py", line 544, in convert_product_export
    product_data['short_description'] = html.unescape(product_descriptions['products_description'])
TypeError: list indices must be integers or slices, not str

2021/02/16 13:29:52 : products_errors 44: Traceback (most recent call last):
  File "/var/www/python/cartmigration/controllers/migration.py", line 1036, in migration
    convert = fn_convert_export(main, ext)
  File "/var/www/python/cartmigration/models/cart/custom.py", line 544, in convert_product_export
    product_data['short_description'] = html.unescape(product_descriptions['products_description'])
TypeError: list indices must be integers or slices, not str

2021/02/16 13:29:52 : products_errors 47: Traceback (most recent call last):
  File "/var/www/python/cartmigration/controllers/migration.py", line 1036, in migration
    convert = fn_convert_export(main, ext)
  File "/var/www/python/cartmigration/models/cart/custom.py", line 544, in convert_product_export
    product_data['short_description'] = html.unescape(product_descriptions['products_description'])
TypeError: list indices must be integers or slices, not str

2021/02/16 13:29:52 : products_errors 48: Traceback (most recent call last):
  File "/var/www/python/cartmigration/controllers/migration.py", line 1036, in migration
    convert = fn_convert_export(main, ext)
  File "/var/www/python/cartmigration/models/cart/custom.py", line 544, in convert_product_export
    product_data['short_description'] = html.unescape(product_descriptions['products_description'])
TypeError: list indices must be integers or slices, not str

2021/02/16 13:29:52 : products_errors 49: Traceback (most recent call last):
  File "/var/www/python/cartmigration/controllers/migration.py", line 1036, in migration
    convert = fn_convert_export(main, ext)
  File "/var/www/python/cartmigration/models/cart/custom.py", line 544, in convert_product_export
    product_data['short_description'] = html.unescape(product_descriptions['products_description'])
TypeError: list indices must be integers or slices, not str

