2021/02/16 15:27:50 : image: http://http://localhost/customcart/images/BSNIDESS1.39CHCOPW-100.png 404
2021/02/16 15:27:53 : image: http://http://localhost/customcart/images/BSNIDESS1.39VANNPW-100.png 404
2021/02/16 15:27:56 : image: http://http://localhost/customcart/images/chpultmtchoc60ct-s.png 404
2021/02/16 15:27:58 : image: http://http://localhost/customcart/images/CHMPNULC0060CHOCPK-s.png 404
2021/02/16 15:28:01 : image: http://http://localhost/customcart/images/chpultmtlcvan60ct-s.png 404
2021/02/16 15:28:05 : image: http://http://localhost/customcart/images/chpultrametstrw60ct-s.png 404
2021/02/16 15:28:08 : image: http://http://localhost/customcart/images/chpultrmtvan60ct-s.png 404
2021/02/16 15:28:11 : image: http://http://localhost/customcart/images/clfbarbberrycrsp12ct-s.png 404
2021/02/16 15:28:16 : image: http://http://localhost/customcart/images/CLIFBUIL0012PEANBR-s.png 404
2021/02/16 15:28:21 : image: http://http://localhost/customcart/images/clfbarchocchip12ct-s.png 404
2021/02/16 15:28:25 : image: http://http://localhost/customcart/images/clflunaoatmeal12ct-s.png 404
2021/02/16 15:28:29 : image: http://http://localhost/customcart/images/CSPTCMAX01.5CITRPW-s.png 404
2021/02/16 15:28:36 : image: http://http://localhost/customcart/images/CSPTCMAX01.5ORGEPW1-s.png 404
2021/02/16 15:28:39 : image: http://http://localhost/customcart/images/CSPTEVOP2.25VANNPW-100.png 404
2021/02/16 15:28:42 : image: http://http://localhost/customcart/images/cysfasttwtchlem2lb-s.png 404
2021/02/16 15:28:47 : image: http://http://localhost/customcart/images/cysfasttwtchgrp2lb-s.png 404
2021/02/16 15:28:52 : image: http://http://localhost/customcart/images/cysfasttwtchlem2lb-s.png 404
2021/02/16 15:28:56 : image: http://http://localhost/customcart/images/cysmmcksncrm5lb-s.png 404
2021/02/16 15:29:02 : image: http://http://localhost/customcart/images/cysmmbarchocpntcarml8ct-s.png 404
2021/02/16 15:29:10 : image: http://http://localhost/customcart/images/cysmmbarvantoffcrnch8ct-s.png 404
