2021/02/16 15:27:50 : http://http://localhost/customcart/images/BSNIDESS1.39CHCOPW-100.png
2021/02/16 15:27:53 : http://http://localhost/customcart/images/BSNIDESS1.39VANNPW-100.png
2021/02/16 15:27:56 : http://http://localhost/customcart/images/chpultmtchoc60ct-s.png
2021/02/16 15:27:58 : http://http://localhost/customcart/images/CHMPNULC0060CHOCPK-s.png
2021/02/16 15:28:01 : http://http://localhost/customcart/images/chpultmtlcvan60ct-s.png
2021/02/16 15:28:05 : http://http://localhost/customcart/images/chpultrametstrw60ct-s.png
2021/02/16 15:28:08 : http://http://localhost/customcart/images/chpultrmtvan60ct-s.png
2021/02/16 15:28:11 : http://http://localhost/customcart/images/clfbarbberrycrsp12ct-s.png
2021/02/16 15:28:16 : http://http://localhost/customcart/images/CLIFBUIL0012PEANBR-s.png
2021/02/16 15:28:21 : http://http://localhost/customcart/images/clfbarchocchip12ct-s.png
2021/02/16 15:28:25 : http://http://localhost/customcart/images/clflunaoatmeal12ct-s.png
2021/02/16 15:28:29 : http://http://localhost/customcart/images/CSPTCMAX01.5CITRPW-s.png
2021/02/16 15:28:36 : http://http://localhost/customcart/images/CSPTCMAX01.5ORGEPW1-s.png
2021/02/16 15:28:39 : http://http://localhost/customcart/images/CSPTEVOP2.25VANNPW-100.png
2021/02/16 15:28:42 : http://http://localhost/customcart/images/cysfasttwtchlem2lb-s.png
2021/02/16 15:28:47 : http://http://localhost/customcart/images/cysfasttwtchgrp2lb-s.png
2021/02/16 15:28:52 : http://http://localhost/customcart/images/cysfasttwtchlem2lb-s.png
2021/02/16 15:28:56 : http://http://localhost/customcart/images/cysmmcksncrm5lb-s.png
2021/02/16 15:29:02 : http://http://localhost/customcart/images/cysmmbarchocpntcarml8ct-s.png
2021/02/16 15:29:10 : http://http://localhost/customcart/images/cysmmbarvantoffcrnch8ct-s.png
