2021/02/18 05:24:12 : categories_errors 2: Traceback (most recent call last):
  File "/var/www/python/cartmigration/controllers/migration.py", line 1072, in migration
    import_data = fn_import(convert_data, main, ext)
  File "/var/www/python/cartmigration/models/cart/woocommerce.py", line 2252, in category_import
    return response_success(category_term_import)
NameError: name 'category_term_import' is not defined

2021/02/18 05:24:12 : categories_errors 3: Traceback (most recent call last):
  File "/var/www/python/cartmigration/controllers/migration.py", line 1072, in migration
    import_data = fn_import(convert_data, main, ext)
  File "/var/www/python/cartmigration/models/cart/woocommerce.py", line 2252, in category_import
    return response_success(category_term_import)
NameError: name 'category_term_import' is not defined

2021/02/18 05:24:12 : categories_errors 4: Traceback (most recent call last):
  File "/var/www/python/cartmigration/controllers/migration.py", line 1072, in migration
    import_data = fn_import(convert_data, main, ext)
  File "/var/www/python/cartmigration/models/cart/woocommerce.py", line 2252, in category_import
    return response_success(category_term_import)
NameError: name 'category_term_import' is not defined

2021/02/18 05:24:12 : categories_errors 5: Traceback (most recent call last):
  File "/var/www/python/cartmigration/controllers/migration.py", line 1072, in migration
    import_data = fn_import(convert_data, main, ext)
  File "/var/www/python/cartmigration/models/cart/woocommerce.py", line 2252, in category_import
    return response_success(category_term_import)
NameError: name 'category_term_import' is not defined

2021/02/18 05:24:12 : categories_errors 6: Traceback (most recent call last):
  File "/var/www/python/cartmigration/controllers/migration.py", line 1072, in migration
    import_data = fn_import(convert_data, main, ext)
  File "/var/www/python/cartmigration/models/cart/woocommerce.py", line 2252, in category_import
    return response_success(category_term_import)
NameError: name 'category_term_import' is not defined

2021/02/18 05:24:12 : categories_errors 7: Traceback (most recent call last):
  File "/var/www/python/cartmigration/controllers/migration.py", line 1072, in migration
    import_data = fn_import(convert_data, main, ext)
  File "/var/www/python/cartmigration/models/cart/woocommerce.py", line 2252, in category_import
    return response_success(category_term_import)
NameError: name 'category_term_import' is not defined

2021/02/18 05:24:12 : categories_errors 8: Traceback (most recent call last):
  File "/var/www/python/cartmigration/controllers/migration.py", line 1072, in migration
    import_data = fn_import(convert_data, main, ext)
  File "/var/www/python/cartmigration/models/cart/woocommerce.py", line 2252, in category_import
    return response_success(category_term_import)
NameError: name 'category_term_import' is not defined

2021/02/18 05:24:12 : categories_errors 9: Traceback (most recent call last):
  File "/var/www/python/cartmigration/controllers/migration.py", line 1072, in migration
    import_data = fn_import(convert_data, main, ext)
  File "/var/www/python/cartmigration/models/cart/woocommerce.py", line 2252, in category_import
    return response_success(category_term_import)
NameError: name 'category_term_import' is not defined

2021/02/18 05:24:12 : categories_errors 10: Traceback (most recent call last):
  File "/var/www/python/cartmigration/controllers/migration.py", line 1072, in migration
    import_data = fn_import(convert_data, main, ext)
  File "/var/www/python/cartmigration/models/cart/woocommerce.py", line 2252, in category_import
    return response_success(category_term_import)
NameError: name 'category_term_import' is not defined

2021/02/18 05:24:12 : categories_errors 11: Traceback (most recent call last):
  File "/var/www/python/cartmigration/controllers/migration.py", line 1072, in migration
    import_data = fn_import(convert_data, main, ext)
  File "/var/www/python/cartmigration/models/cart/woocommerce.py", line 2252, in category_import
    return response_success(category_term_import)
NameError: name 'category_term_import' is not defined

2021/02/18 05:24:12 : categories_errors 12: Traceback (most recent call last):
  File "/var/www/python/cartmigration/controllers/migration.py", line 1072, in migration
    import_data = fn_import(convert_data, main, ext)
  File "/var/www/python/cartmigration/models/cart/woocommerce.py", line 2252, in category_import
    return response_success(category_term_import)
NameError: name 'category_term_import' is not defined

2021/02/18 05:24:12 : categories_errors 13: Traceback (most recent call last):
  File "/var/www/python/cartmigration/controllers/migration.py", line 1072, in migration
    import_data = fn_import(convert_data, main, ext)
  File "/var/www/python/cartmigration/models/cart/woocommerce.py", line 2252, in category_import
    return response_success(category_term_import)
NameError: name 'category_term_import' is not defined

2021/02/18 05:24:12 : categories_errors 14: Traceback (most recent call last):
  File "/var/www/python/cartmigration/controllers/migration.py", line 1072, in migration
    import_data = fn_import(convert_data, main, ext)
  File "/var/www/python/cartmigration/models/cart/woocommerce.py", line 2252, in category_import
    return response_success(category_term_import)
NameError: name 'category_term_import' is not defined

2021/02/18 05:24:12 : categories_errors 15: Traceback (most recent call last):
  File "/var/www/python/cartmigration/controllers/migration.py", line 1072, in migration
    import_data = fn_import(convert_data, main, ext)
  File "/var/www/python/cartmigration/models/cart/woocommerce.py", line 2252, in category_import
    return response_success(category_term_import)
NameError: name 'category_term_import' is not defined

2021/02/18 05:24:12 : categories_errors 16: Traceback (most recent call last):
  File "/var/www/python/cartmigration/controllers/migration.py", line 1072, in migration
    import_data = fn_import(convert_data, main, ext)
  File "/var/www/python/cartmigration/models/cart/woocommerce.py", line 2252, in category_import
    return response_success(category_term_import)
NameError: name 'category_term_import' is not defined

2021/02/18 05:24:12 : categories_errors 17: Traceback (most recent call last):
  File "/var/www/python/cartmigration/controllers/migration.py", line 1072, in migration
    import_data = fn_import(convert_data, main, ext)
  File "/var/www/python/cartmigration/models/cart/woocommerce.py", line 2252, in category_import
    return response_success(category_term_import)
NameError: name 'category_term_import' is not defined

2021/02/18 05:24:13 : categories_errors 19: Traceback (most recent call last):
  File "/var/www/python/cartmigration/controllers/migration.py", line 1072, in migration
    import_data = fn_import(convert_data, main, ext)
  File "/var/www/python/cartmigration/models/cart/woocommerce.py", line 2252, in category_import
    return response_success(category_term_import)
NameError: name 'category_term_import' is not defined

2021/02/18 05:24:13 : categories_errors 20: Traceback (most recent call last):
  File "/var/www/python/cartmigration/controllers/migration.py", line 1072, in migration
    import_data = fn_import(convert_data, main, ext)
  File "/var/www/python/cartmigration/models/cart/woocommerce.py", line 2252, in category_import
    return response_success(category_term_import)
NameError: name 'category_term_import' is not defined

2021/02/18 05:24:13 : categories_errors 22: Traceback (most recent call last):
  File "/var/www/python/cartmigration/controllers/migration.py", line 1072, in migration
    import_data = fn_import(convert_data, main, ext)
  File "/var/www/python/cartmigration/models/cart/woocommerce.py", line 2252, in category_import
    return response_success(category_term_import)
NameError: name 'category_term_import' is not defined

2021/02/18 05:24:13 : categories_errors 23: Traceback (most recent call last):
  File "/var/www/python/cartmigration/controllers/migration.py", line 1072, in migration
    import_data = fn_import(convert_data, main, ext)
  File "/var/www/python/cartmigration/models/cart/woocommerce.py", line 2252, in category_import
    return response_success(category_term_import)
NameError: name 'category_term_import' is not defined

