2021/02/18 10:22:28 : Product_cat : INSERT INTO `_DBPRF_wp_terms` (`name`, `slug`, `term_group`) VALUES ('Muscle Enhancers', 'muscle-enhancers', 0): <span class="message-alert-error">Table 'WORDPRESS_DB.wp_wp_terms' doesn't exist</span>
2021/02/18 10:22:28 : Product_cat : INSERT INTO `_DBPRF_wp_terms` (`name`, `slug`, `term_group`) VALUES ('Pre Workout', 'pre-workout', 0): <span class="message-alert-error">Table 'WORDPRESS_DB.wp_wp_terms' doesn't exist</span>
2021/02/18 10:22:28 : Product_cat : INSERT INTO `_DBPRF_wp_terms` (`name`, `slug`, `term_group`) VALUES ('Testosterone Booster', 'testosterone-booster', 0): <span class="message-alert-error">Table 'WORDPRESS_DB.wp_wp_terms' doesn't exist</span>
2021/02/18 10:22:28 : Product_cat : INSERT INTO `_DBPRF_wp_terms` (`name`, `slug`, `term_group`) VALUES ('Weight Loss', 'weight-loss', 0): <span class="message-alert-error">Table 'WORDPRESS_DB.wp_wp_terms' doesn't exist</span>
2021/02/18 10:22:28 : Product_cat : INSERT INTO `_DBPRF_wp_terms` (`name`, `slug`, `term_group`) VALUES ('Liver Support', 'liver-support', 0): <span class="message-alert-error">Table 'WORDPRESS_DB.wp_wp_terms' doesn't exist</span>
2021/02/18 10:22:28 : Product_cat : INSERT INTO `_DBPRF_wp_terms` (`name`, `slug`, `term_group`) VALUES ('Protein', 'protein', 0): <span class="message-alert-error">Table 'WORDPRESS_DB.wp_wp_terms' doesn't exist</span>
2021/02/18 10:22:28 : Product_cat : INSERT INTO `_DBPRF_wp_terms` (`name`, `slug`, `term_group`) VALUES ('Protein Powder', 'protein-powder', 0): <span class="message-alert-error">Table 'WORDPRESS_DB.wp_wp_terms' doesn't exist</span>
2021/02/18 10:22:28 : Product_cat : INSERT INTO `_DBPRF_wp_terms` (`name`, `slug`, `term_group`) VALUES ('Energy Booster', 'energy-booster', 0): <span class="message-alert-error">Table 'WORDPRESS_DB.wp_wp_terms' doesn't exist</span>
2021/02/18 10:22:29 : Product_cat : INSERT INTO `_DBPRF_wp_terms` (`name`, `slug`, `term_group`) VALUES ('Creatine', 'creatine', 0): <span class="message-alert-error">Table 'WORDPRESS_DB.wp_wp_terms' doesn't exist</span>
2021/02/18 10:22:29 : Product_cat : INSERT INTO `_DBPRF_wp_terms` (`name`, `slug`, `term_group`) VALUES ('Post Workout', 'post-workout', 0): <span class="message-alert-error">Table 'WORDPRESS_DB.wp_wp_terms' doesn't exist</span>
2021/02/18 10:22:29 : Product_cat : INSERT INTO `_DBPRF_wp_terms` (`name`, `slug`, `term_group`) VALUES ('Accessories', 'accessories', 0): <span class="message-alert-error">Table 'WORDPRESS_DB.wp_wp_terms' doesn't exist</span>
2021/02/18 10:22:29 : Product_cat : INSERT INTO `_DBPRF_wp_terms` (`name`, `slug`, `term_group`) VALUES ('Meal Replacement', 'meal-replacement', 0): <span class="message-alert-error">Table 'WORDPRESS_DB.wp_wp_terms' doesn't exist</span>
2021/02/18 10:22:29 : Product_cat : INSERT INTO `_DBPRF_wp_terms` (`name`, `slug`, `term_group`) VALUES ('Protein Bars', 'protein-bars', 0): <span class="message-alert-error">Table 'WORDPRESS_DB.wp_wp_terms' doesn't exist</span>
2021/02/18 10:22:29 : Product_cat : INSERT INTO `_DBPRF_wp_terms` (`name`, `slug`, `term_group`) VALUES ('Vascular Dilators', 'vascular-dilators', 0): <span class="message-alert-error">Table 'WORDPRESS_DB.wp_wp_terms' doesn't exist</span>
2021/02/18 10:22:29 : Product_cat : INSERT INTO `_DBPRF_wp_terms` (`name`, `slug`, `term_group`) VALUES ('Weight Gainer', 'weight-gainer', 0): <span class="message-alert-error">Table 'WORDPRESS_DB.wp_wp_terms' doesn't exist</span>
2021/02/18 10:22:29 : Product_cat : INSERT INTO `_DBPRF_wp_terms` (`name`, `slug`, `term_group`) VALUES ('Oatmeal', 'oatmeal', 0): <span class="message-alert-error">Table 'WORDPRESS_DB.wp_wp_terms' doesn't exist</span>
2021/02/18 10:22:29 : Product_cat : INSERT INTO `_DBPRF_wp_terms` (`name`, `slug`, `term_group`) VALUES ('Detoxification', 'detoxification', 0): <span class="message-alert-error">Table 'WORDPRESS_DB.wp_wp_terms' doesn't exist</span>
2021/02/18 10:22:29 : Product_cat : INSERT INTO `_DBPRF_wp_terms` (`name`, `slug`, `term_group`) VALUES ('Vitamins and Minerals', 'vitamins-and-minerals', 0): <span class="message-alert-error">Table 'WORDPRESS_DB.wp_wp_terms' doesn't exist</span>
2021/02/18 10:22:29 : Product_cat : INSERT INTO `_DBPRF_wp_terms` (`name`, `slug`, `term_group`) VALUES ('Joint Support', 'joint-support', 0): <span class="message-alert-error">Table 'WORDPRESS_DB.wp_wp_terms' doesn't exist</span>
2021/02/18 10:22:29 : Product_cat : INSERT INTO `_DBPRF_wp_terms` (`name`, `slug`, `term_group`) VALUES ('Glutamine', 'glutamine', 0): <span class="message-alert-error">Table 'WORDPRESS_DB.wp_wp_terms' doesn't exist</span>
