2021/02/27 07:22:08 : INSERT INTO `_DBPRF_wp_postmeta` (`post_id`, `meta_key`, `meta_value`) VALUES (null, '_thumbnail_id', ''): <span class="message-alert-error">Table 'WORDPRESS_DB.wp_wp_postmeta' doesn't exist</span>
2021/02/27 07:22:08 : INSERT INTO `_DBPRF_wp_postmeta` (`post_id`, `meta_key`, `meta_value`) VALUES (null, '_edit_lock', 1614410528): <span class="message-alert-error">Table 'WORDPRESS_DB.wp_wp_postmeta' doesn't exist</span>
2021/02/27 07:22:08 : INSERT INTO `_DBPRF_wp_postmeta` (`post_id`, `meta_key`, `meta_value`) VALUES (null, '_sku', '834266006021'): <span class="message-alert-error">Table 'WORDPRESS_DB.wp_wp_postmeta' doesn't exist</span>
2021/02/27 07:22:08 : INSERT INTO `_DBPRF_wp_postmeta` (`post_id`, `meta_key`, `meta_value`) VALUES (null, '_regular_price', '34.99'): <span class="message-alert-error">Table 'WORDPRESS_DB.wp_wp_postmeta' doesn't exist</span>
2021/02/27 07:22:08 : INSERT INTO `_DBPRF_wp_postmeta` (`post_id`, `meta_key`, `meta_value`) VALUES (null, '_sale_price', '21.7700'): <span class="message-alert-error">Table 'WORDPRESS_DB.wp_wp_postmeta' doesn't exist</span>
2021/02/27 07:22:08 : INSERT INTO `_DBPRF_wp_postmeta` (`post_id`, `meta_key`, `meta_value`) VALUES (null, '_price', '21.7700'): <span class="message-alert-error">Table 'WORDPRESS_DB.wp_wp_postmeta' doesn't exist</span>
2021/02/27 07:22:08 : INSERT INTO `_DBPRF_wp_postmeta` (`post_id`, `meta_key`, `meta_value`) VALUES (null, '_weight', '1.75'): <span class="message-alert-error">Table 'WORDPRESS_DB.wp_wp_postmeta' doesn't exist</span>
2021/02/27 07:22:08 : INSERT INTO `_DBPRF_wp_postmeta` (`post_id`, `meta_key`, `meta_value`) VALUES (null, '_length', '5.0'): <span class="message-alert-error">Table 'WORDPRESS_DB.wp_wp_postmeta' doesn't exist</span>
2021/02/27 07:22:08 : INSERT INTO `_DBPRF_wp_postmeta` (`post_id`, `meta_key`, `meta_value`) VALUES (null, '_width', '5.0'): <span class="message-alert-error">Table 'WORDPRESS_DB.wp_wp_postmeta' doesn't exist</span>
2021/02/27 07:22:08 : INSERT INTO `_DBPRF_wp_postmeta` (`post_id`, `meta_key`, `meta_value`) VALUES (null, '_height', '7.0'): <span class="message-alert-error">Table 'WORDPRESS_DB.wp_wp_postmeta' doesn't exist</span>
2021/02/27 07:22:08 : INSERT INTO `_DBPRF_wp_postmeta` (`post_id`, `meta_key`, `meta_value`) VALUES (null, '_stock', '104'): <span class="message-alert-error">Table 'WORDPRESS_DB.wp_wp_postmeta' doesn't exist</span>
2021/02/27 07:22:08 : INSERT INTO `_DBPRF_wp_postmeta` (`post_id`, `meta_key`, `meta_value`) VALUES (null, '_manage_stock', 'yes'): <span class="message-alert-error">Table 'WORDPRESS_DB.wp_wp_postmeta' doesn't exist</span>
2021/02/27 07:22:08 : INSERT INTO `_DBPRF_wp_postmeta` (`post_id`, `meta_key`, `meta_value`) VALUES (null, '_stock_status', 'instock'): <span class="message-alert-error">Table 'WORDPRESS_DB.wp_wp_postmeta' doesn't exist</span>
2021/02/27 07:22:28 : INSERT INTO `_DBPRF_wp_postmeta` (`post_id`, `meta_key`, `meta_value`) VALUES (null, '_thumbnail_id', ''): <span class="message-alert-error">Table 'WORDPRESS_DB.wp_wp_postmeta' doesn't exist</span>
2021/02/27 07:22:28 : INSERT INTO `_DBPRF_wp_postmeta` (`post_id`, `meta_key`, `meta_value`) VALUES (null, '_edit_lock', 1614410548): <span class="message-alert-error">Table 'WORDPRESS_DB.wp_wp_postmeta' doesn't exist</span>
2021/02/27 07:22:28 : INSERT INTO `_DBPRF_wp_postmeta` (`post_id`, `meta_key`, `meta_value`) VALUES (null, '_sku', '834266008070'): <span class="message-alert-error">Table 'WORDPRESS_DB.wp_wp_postmeta' doesn't exist</span>
2021/02/27 07:22:28 : INSERT INTO `_DBPRF_wp_postmeta` (`post_id`, `meta_key`, `meta_value`) VALUES (null, '_regular_price', '33.49'): <span class="message-alert-error">Table 'WORDPRESS_DB.wp_wp_postmeta' doesn't exist</span>
2021/02/27 07:22:28 : INSERT INTO `_DBPRF_wp_postmeta` (`post_id`, `meta_key`, `meta_value`) VALUES (null, '_sale_price', '21.7700'): <span class="message-alert-error">Table 'WORDPRESS_DB.wp_wp_postmeta' doesn't exist</span>
2021/02/27 07:22:28 : INSERT INTO `_DBPRF_wp_postmeta` (`post_id`, `meta_key`, `meta_value`) VALUES (null, '_price', '21.7700'): <span class="message-alert-error">Table 'WORDPRESS_DB.wp_wp_postmeta' doesn't exist</span>
2021/02/27 07:22:28 : INSERT INTO `_DBPRF_wp_postmeta` (`post_id`, `meta_key`, `meta_value`) VALUES (null, '_weight', '1.70'): <span class="message-alert-error">Table 'WORDPRESS_DB.wp_wp_postmeta' doesn't exist</span>
2021/02/27 07:22:28 : INSERT INTO `_DBPRF_wp_postmeta` (`post_id`, `meta_key`, `meta_value`) VALUES (null, '_length', '5.0'): <span class="message-alert-error">Table 'WORDPRESS_DB.wp_wp_postmeta' doesn't exist</span>
2021/02/27 07:22:28 : INSERT INTO `_DBPRF_wp_postmeta` (`post_id`, `meta_key`, `meta_value`) VALUES (null, '_width', '5.0'): <span class="message-alert-error">Table 'WORDPRESS_DB.wp_wp_postmeta' doesn't exist</span>
2021/02/27 07:22:28 : INSERT INTO `_DBPRF_wp_postmeta` (`post_id`, `meta_key`, `meta_value`) VALUES (null, '_height', '7.0'): <span class="message-alert-error">Table 'WORDPRESS_DB.wp_wp_postmeta' doesn't exist</span>
2021/02/27 07:22:28 : INSERT INTO `_DBPRF_wp_postmeta` (`post_id`, `meta_key`, `meta_value`) VALUES (null, '_stock', '253'): <span class="message-alert-error">Table 'WORDPRESS_DB.wp_wp_postmeta' doesn't exist</span>
2021/02/27 07:22:28 : INSERT INTO `_DBPRF_wp_postmeta` (`post_id`, `meta_key`, `meta_value`) VALUES (null, '_manage_stock', 'yes'): <span class="message-alert-error">Table 'WORDPRESS_DB.wp_wp_postmeta' doesn't exist</span>
2021/02/27 07:22:28 : INSERT INTO `_DBPRF_wp_postmeta` (`post_id`, `meta_key`, `meta_value`) VALUES (null, '_stock_status', 'instock'): <span class="message-alert-error">Table 'WORDPRESS_DB.wp_wp_postmeta' doesn't exist</span>
2021/02/27 07:22:49 : INSERT INTO `_DBPRF_wp_postmeta` (`post_id`, `meta_key`, `meta_value`) VALUES (null, '_thumbnail_id', ''): <span class="message-alert-error">Table 'WORDPRESS_DB.wp_wp_postmeta' doesn't exist</span>
2021/02/27 07:22:49 : INSERT INTO `_DBPRF_wp_postmeta` (`post_id`, `meta_key`, `meta_value`) VALUES (null, '_edit_lock', 1614410569): <span class="message-alert-error">Table 'WORDPRESS_DB.wp_wp_postmeta' doesn't exist</span>
2021/02/27 07:22:49 : INSERT INTO `_DBPRF_wp_postmeta` (`post_id`, `meta_key`, `meta_value`) VALUES (null, '_sku', '027692111203'): <span class="message-alert-error">Table 'WORDPRESS_DB.wp_wp_postmeta' doesn't exist</span>
2021/02/27 07:22:49 : INSERT INTO `_DBPRF_wp_postmeta` (`post_id`, `meta_key`, `meta_value`) VALUES (null, '_regular_price', '231.22'): <span class="message-alert-error">Table 'WORDPRESS_DB.wp_wp_postmeta' doesn't exist</span>
2021/02/27 07:22:49 : INSERT INTO `_DBPRF_wp_postmeta` (`post_id`, `meta_key`, `meta_value`) VALUES (null, '_sale_price', '150.2900'): <span class="message-alert-error">Table 'WORDPRESS_DB.wp_wp_postmeta' doesn't exist</span>
2021/02/27 07:22:49 : INSERT INTO `_DBPRF_wp_postmeta` (`post_id`, `meta_key`, `meta_value`) VALUES (null, '_price', '150.2900'): <span class="message-alert-error">Table 'WORDPRESS_DB.wp_wp_postmeta' doesn't exist</span>
2021/02/27 07:22:49 : INSERT INTO `_DBPRF_wp_postmeta` (`post_id`, `meta_key`, `meta_value`) VALUES (null, '_weight', '12.05'): <span class="message-alert-error">Table 'WORDPRESS_DB.wp_wp_postmeta' doesn't exist</span>
2021/02/27 07:22:49 : INSERT INTO `_DBPRF_wp_postmeta` (`post_id`, `meta_key`, `meta_value`) VALUES (null, '_length', '16.5'): <span class="message-alert-error">Table 'WORDPRESS_DB.wp_wp_postmeta' doesn't exist</span>
2021/02/27 07:22:49 : INSERT INTO `_DBPRF_wp_postmeta` (`post_id`, `meta_key`, `meta_value`) VALUES (null, '_width', '11.25'): <span class="message-alert-error">Table 'WORDPRESS_DB.wp_wp_postmeta' doesn't exist</span>
2021/02/27 07:22:49 : INSERT INTO `_DBPRF_wp_postmeta` (`post_id`, `meta_key`, `meta_value`) VALUES (null, '_height', '8.0'): <span class="message-alert-error">Table 'WORDPRESS_DB.wp_wp_postmeta' doesn't exist</span>
2021/02/27 07:22:49 : INSERT INTO `_DBPRF_wp_postmeta` (`post_id`, `meta_key`, `meta_value`) VALUES (null, '_stock', '24'): <span class="message-alert-error">Table 'WORDPRESS_DB.wp_wp_postmeta' doesn't exist</span>
2021/02/27 07:22:49 : INSERT INTO `_DBPRF_wp_postmeta` (`post_id`, `meta_key`, `meta_value`) VALUES (null, '_manage_stock', 'yes'): <span class="message-alert-error">Table 'WORDPRESS_DB.wp_wp_postmeta' doesn't exist</span>
2021/02/27 07:22:49 : INSERT INTO `_DBPRF_wp_postmeta` (`post_id`, `meta_key`, `meta_value`) VALUES (null, '_stock_status', 'instock'): <span class="message-alert-error">Table 'WORDPRESS_DB.wp_wp_postmeta' doesn't exist</span>
2021/02/27 07:23:09 : INSERT INTO `_DBPRF_wp_postmeta` (`post_id`, `meta_key`, `meta_value`) VALUES (null, '_thumbnail_id', ''): <span class="message-alert-error">Table 'WORDPRESS_DB.wp_wp_postmeta' doesn't exist</span>
2021/02/27 07:23:09 : INSERT INTO `_DBPRF_wp_postmeta` (`post_id`, `meta_key`, `meta_value`) VALUES (null, '_edit_lock', 1614410589): <span class="message-alert-error">Table 'WORDPRESS_DB.wp_wp_postmeta' doesn't exist</span>
2021/02/27 07:23:09 : INSERT INTO `_DBPRF_wp_postmeta` (`post_id`, `meta_key`, `meta_value`) VALUES (null, '_sku', '027692132208'): <span class="message-alert-error">Table 'WORDPRESS_DB.wp_wp_postmeta' doesn't exist</span>
2021/02/27 07:23:09 : INSERT INTO `_DBPRF_wp_postmeta` (`post_id`, `meta_key`, `meta_value`) VALUES (null, '_regular_price', '189.7'): <span class="message-alert-error">Table 'WORDPRESS_DB.wp_wp_postmeta' doesn't exist</span>
2021/02/27 07:23:09 : INSERT INTO `_DBPRF_wp_postmeta` (`post_id`, `meta_key`, `meta_value`) VALUES (null, '_sale_price', '123.3000'): <span class="message-alert-error">Table 'WORDPRESS_DB.wp_wp_postmeta' doesn't exist</span>
2021/02/27 07:23:09 : INSERT INTO `_DBPRF_wp_postmeta` (`post_id`, `meta_key`, `meta_value`) VALUES (null, '_price', '123.3000'): <span class="message-alert-error">Table 'WORDPRESS_DB.wp_wp_postmeta' doesn't exist</span>
2021/02/27 07:23:09 : INSERT INTO `_DBPRF_wp_postmeta` (`post_id`, `meta_key`, `meta_value`) VALUES (null, '_weight', '9.25'): <span class="message-alert-error">Table 'WORDPRESS_DB.wp_wp_postmeta' doesn't exist</span>
2021/02/27 07:23:09 : INSERT INTO `_DBPRF_wp_postmeta` (`post_id`, `meta_key`, `meta_value`) VALUES (null, '_length', '16.5'): <span class="message-alert-error">Table 'WORDPRESS_DB.wp_wp_postmeta' doesn't exist</span>
2021/02/27 07:23:09 : INSERT INTO `_DBPRF_wp_postmeta` (`post_id`, `meta_key`, `meta_value`) VALUES (null, '_width', '11.25'): <span class="message-alert-error">Table 'WORDPRESS_DB.wp_wp_postmeta' doesn't exist</span>
2021/02/27 07:23:09 : INSERT INTO `_DBPRF_wp_postmeta` (`post_id`, `meta_key`, `meta_value`) VALUES (null, '_height', '8.0'): <span class="message-alert-error">Table 'WORDPRESS_DB.wp_wp_postmeta' doesn't exist</span>
2021/02/27 07:23:09 : INSERT INTO `_DBPRF_wp_postmeta` (`post_id`, `meta_key`, `meta_value`) VALUES (null, '_stock', '-2'): <span class="message-alert-error">Table 'WORDPRESS_DB.wp_wp_postmeta' doesn't exist</span>
2021/02/27 07:23:09 : INSERT INTO `_DBPRF_wp_postmeta` (`post_id`, `meta_key`, `meta_value`) VALUES (null, '_manage_stock', 'yes'): <span class="message-alert-error">Table 'WORDPRESS_DB.wp_wp_postmeta' doesn't exist</span>
2021/02/27 07:23:09 : INSERT INTO `_DBPRF_wp_postmeta` (`post_id`, `meta_key`, `meta_value`) VALUES (null, '_stock_status', 'outofstock'): <span class="message-alert-error">Table 'WORDPRESS_DB.wp_wp_postmeta' doesn't exist</span>
2021/02/27 07:23:29 : INSERT INTO `_DBPRF_wp_postmeta` (`post_id`, `meta_key`, `meta_value`) VALUES (null, '_thumbnail_id', ''): <span class="message-alert-error">Table 'WORDPRESS_DB.wp_wp_postmeta' doesn't exist</span>
2021/02/27 07:23:29 : INSERT INTO `_DBPRF_wp_postmeta` (`post_id`, `meta_key`, `meta_value`) VALUES (null, '_edit_lock', 1614410609): <span class="message-alert-error">Table 'WORDPRESS_DB.wp_wp_postmeta' doesn't exist</span>
2021/02/27 07:23:29 : INSERT INTO `_DBPRF_wp_postmeta` (`post_id`, `meta_key`, `meta_value`) VALUES (null, '_sku', '027692132307'): <span class="message-alert-error">Table 'WORDPRESS_DB.wp_wp_postmeta' doesn't exist</span>
2021/02/27 07:23:29 : INSERT INTO `_DBPRF_wp_postmeta` (`post_id`, `meta_key`, `meta_value`) VALUES (null, '_regular_price', '189.7'): <span class="message-alert-error">Table 'WORDPRESS_DB.wp_wp_postmeta' doesn't exist</span>
2021/02/27 07:23:29 : INSERT INTO `_DBPRF_wp_postmeta` (`post_id`, `meta_key`, `meta_value`) VALUES (null, '_sale_price', '123.3000'): <span class="message-alert-error">Table 'WORDPRESS_DB.wp_wp_postmeta' doesn't exist</span>
2021/02/27 07:23:29 : INSERT INTO `_DBPRF_wp_postmeta` (`post_id`, `meta_key`, `meta_value`) VALUES (null, '_price', '123.3000'): <span class="message-alert-error">Table 'WORDPRESS_DB.wp_wp_postmeta' doesn't exist</span>
2021/02/27 07:23:29 : INSERT INTO `_DBPRF_wp_postmeta` (`post_id`, `meta_key`, `meta_value`) VALUES (null, '_weight', '9.00'): <span class="message-alert-error">Table 'WORDPRESS_DB.wp_wp_postmeta' doesn't exist</span>
2021/02/27 07:23:29 : INSERT INTO `_DBPRF_wp_postmeta` (`post_id`, `meta_key`, `meta_value`) VALUES (null, '_length', '16.5'): <span class="message-alert-error">Table 'WORDPRESS_DB.wp_wp_postmeta' doesn't exist</span>
2021/02/27 07:23:29 : INSERT INTO `_DBPRF_wp_postmeta` (`post_id`, `meta_key`, `meta_value`) VALUES (null, '_width', '11.25'): <span class="message-alert-error">Table 'WORDPRESS_DB.wp_wp_postmeta' doesn't exist</span>
2021/02/27 07:23:29 : INSERT INTO `_DBPRF_wp_postmeta` (`post_id`, `meta_key`, `meta_value`) VALUES (null, '_height', '8.0'): <span class="message-alert-error">Table 'WORDPRESS_DB.wp_wp_postmeta' doesn't exist</span>
2021/02/27 07:23:29 : INSERT INTO `_DBPRF_wp_postmeta` (`post_id`, `meta_key`, `meta_value`) VALUES (null, '_stock', '4'): <span class="message-alert-error">Table 'WORDPRESS_DB.wp_wp_postmeta' doesn't exist</span>
2021/02/27 07:23:29 : INSERT INTO `_DBPRF_wp_postmeta` (`post_id`, `meta_key`, `meta_value`) VALUES (null, '_manage_stock', 'yes'): <span class="message-alert-error">Table 'WORDPRESS_DB.wp_wp_postmeta' doesn't exist</span>
2021/02/27 07:23:29 : INSERT INTO `_DBPRF_wp_postmeta` (`post_id`, `meta_key`, `meta_value`) VALUES (null, '_stock_status', 'instock'): <span class="message-alert-error">Table 'WORDPRESS_DB.wp_wp_postmeta' doesn't exist</span>
2021/02/27 07:23:49 : INSERT INTO `_DBPRF_wp_postmeta` (`post_id`, `meta_key`, `meta_value`) VALUES (null, '_thumbnail_id', ''): <span class="message-alert-error">Table 'WORDPRESS_DB.wp_wp_postmeta' doesn't exist</span>
2021/02/27 07:23:49 : INSERT INTO `_DBPRF_wp_postmeta` (`post_id`, `meta_key`, `meta_value`) VALUES (null, '_edit_lock', 1614410629): <span class="message-alert-error">Table 'WORDPRESS_DB.wp_wp_postmeta' doesn't exist</span>
2021/02/27 07:23:49 : INSERT INTO `_DBPRF_wp_postmeta` (`post_id`, `meta_key`, `meta_value`) VALUES (null, '_sku', '027692118400'): <span class="message-alert-error">Table 'WORDPRESS_DB.wp_wp_postmeta' doesn't exist</span>
2021/02/27 07:23:49 : INSERT INTO `_DBPRF_wp_postmeta` (`post_id`, `meta_key`, `meta_value`) VALUES (null, '_regular_price', '231.22'): <span class="message-alert-error">Table 'WORDPRESS_DB.wp_wp_postmeta' doesn't exist</span>
2021/02/27 07:23:49 : INSERT INTO `_DBPRF_wp_postmeta` (`post_id`, `meta_key`, `meta_value`) VALUES (null, '_sale_price', '150.2900'): <span class="message-alert-error">Table 'WORDPRESS_DB.wp_wp_postmeta' doesn't exist</span>
2021/02/27 07:23:49 : INSERT INTO `_DBPRF_wp_postmeta` (`post_id`, `meta_key`, `meta_value`) VALUES (null, '_price', '150.2900'): <span class="message-alert-error">Table 'WORDPRESS_DB.wp_wp_postmeta' doesn't exist</span>
2021/02/27 07:23:49 : INSERT INTO `_DBPRF_wp_postmeta` (`post_id`, `meta_key`, `meta_value`) VALUES (null, '_weight', '12.00'): <span class="message-alert-error">Table 'WORDPRESS_DB.wp_wp_postmeta' doesn't exist</span>
2021/02/27 07:23:49 : INSERT INTO `_DBPRF_wp_postmeta` (`post_id`, `meta_key`, `meta_value`) VALUES (null, '_length', '16.5'): <span class="message-alert-error">Table 'WORDPRESS_DB.wp_wp_postmeta' doesn't exist</span>
2021/02/27 07:23:49 : INSERT INTO `_DBPRF_wp_postmeta` (`post_id`, `meta_key`, `meta_value`) VALUES (null, '_width', '11.25'): <span class="message-alert-error">Table 'WORDPRESS_DB.wp_wp_postmeta' doesn't exist</span>
2021/02/27 07:23:49 : INSERT INTO `_DBPRF_wp_postmeta` (`post_id`, `meta_key`, `meta_value`) VALUES (null, '_height', '8.0'): <span class="message-alert-error">Table 'WORDPRESS_DB.wp_wp_postmeta' doesn't exist</span>
2021/02/27 07:23:49 : INSERT INTO `_DBPRF_wp_postmeta` (`post_id`, `meta_key`, `meta_value`) VALUES (null, '_stock', '6'): <span class="message-alert-error">Table 'WORDPRESS_DB.wp_wp_postmeta' doesn't exist</span>
2021/02/27 07:23:49 : INSERT INTO `_DBPRF_wp_postmeta` (`post_id`, `meta_key`, `meta_value`) VALUES (null, '_manage_stock', 'yes'): <span class="message-alert-error">Table 'WORDPRESS_DB.wp_wp_postmeta' doesn't exist</span>
2021/02/27 07:23:49 : INSERT INTO `_DBPRF_wp_postmeta` (`post_id`, `meta_key`, `meta_value`) VALUES (null, '_stock_status', 'instock'): <span class="message-alert-error">Table 'WORDPRESS_DB.wp_wp_postmeta' doesn't exist</span>
2021/02/27 07:24:09 : INSERT INTO `_DBPRF_wp_postmeta` (`post_id`, `meta_key`, `meta_value`) VALUES (null, '_thumbnail_id', ''): <span class="message-alert-error">Table 'WORDPRESS_DB.wp_wp_postmeta' doesn't exist</span>
2021/02/27 07:24:09 : INSERT INTO `_DBPRF_wp_postmeta` (`post_id`, `meta_key`, `meta_value`) VALUES (null, '_edit_lock', 1614410649): <span class="message-alert-error">Table 'WORDPRESS_DB.wp_wp_postmeta' doesn't exist</span>
2021/02/27 07:24:09 : INSERT INTO `_DBPRF_wp_postmeta` (`post_id`, `meta_key`, `meta_value`) VALUES (null, '_sku', '027692130600'): <span class="message-alert-error">Table 'WORDPRESS_DB.wp_wp_postmeta' doesn't exist</span>
2021/02/27 07:24:09 : INSERT INTO `_DBPRF_wp_postmeta` (`post_id`, `meta_key`, `meta_value`) VALUES (null, '_regular_price', '231.22'): <span class="message-alert-error">Table 'WORDPRESS_DB.wp_wp_postmeta' doesn't exist</span>
2021/02/27 07:24:09 : INSERT INTO `_DBPRF_wp_postmeta` (`post_id`, `meta_key`, `meta_value`) VALUES (null, '_sale_price', '150.2900'): <span class="message-alert-error">Table 'WORDPRESS_DB.wp_wp_postmeta' doesn't exist</span>
2021/02/27 07:24:09 : INSERT INTO `_DBPRF_wp_postmeta` (`post_id`, `meta_key`, `meta_value`) VALUES (null, '_price', '150.2900'): <span class="message-alert-error">Table 'WORDPRESS_DB.wp_wp_postmeta' doesn't exist</span>
2021/02/27 07:24:09 : INSERT INTO `_DBPRF_wp_postmeta` (`post_id`, `meta_key`, `meta_value`) VALUES (null, '_weight', '12.00'): <span class="message-alert-error">Table 'WORDPRESS_DB.wp_wp_postmeta' doesn't exist</span>
2021/02/27 07:24:09 : INSERT INTO `_DBPRF_wp_postmeta` (`post_id`, `meta_key`, `meta_value`) VALUES (null, '_length', '16.5'): <span class="message-alert-error">Table 'WORDPRESS_DB.wp_wp_postmeta' doesn't exist</span>
2021/02/27 07:24:09 : INSERT INTO `_DBPRF_wp_postmeta` (`post_id`, `meta_key`, `meta_value`) VALUES (null, '_width', '11.25'): <span class="message-alert-error">Table 'WORDPRESS_DB.wp_wp_postmeta' doesn't exist</span>
2021/02/27 07:24:09 : INSERT INTO `_DBPRF_wp_postmeta` (`post_id`, `meta_key`, `meta_value`) VALUES (null, '_height', '8.0'): <span class="message-alert-error">Table 'WORDPRESS_DB.wp_wp_postmeta' doesn't exist</span>
2021/02/27 07:24:09 : INSERT INTO `_DBPRF_wp_postmeta` (`post_id`, `meta_key`, `meta_value`) VALUES (null, '_stock', '6'): <span class="message-alert-error">Table 'WORDPRESS_DB.wp_wp_postmeta' doesn't exist</span>
2021/02/27 07:24:09 : INSERT INTO `_DBPRF_wp_postmeta` (`post_id`, `meta_key`, `meta_value`) VALUES (null, '_manage_stock', 'yes'): <span class="message-alert-error">Table 'WORDPRESS_DB.wp_wp_postmeta' doesn't exist</span>
2021/02/27 07:24:09 : INSERT INTO `_DBPRF_wp_postmeta` (`post_id`, `meta_key`, `meta_value`) VALUES (null, '_stock_status', 'instock'): <span class="message-alert-error">Table 'WORDPRESS_DB.wp_wp_postmeta' doesn't exist</span>
2021/02/27 07:24:29 : INSERT INTO `_DBPRF_wp_postmeta` (`post_id`, `meta_key`, `meta_value`) VALUES (null, '_thumbnail_id', ''): <span class="message-alert-error">Table 'WORDPRESS_DB.wp_wp_postmeta' doesn't exist</span>
2021/02/27 07:24:29 : INSERT INTO `_DBPRF_wp_postmeta` (`post_id`, `meta_key`, `meta_value`) VALUES (null, '_edit_lock', 1614410669): <span class="message-alert-error">Table 'WORDPRESS_DB.wp_wp_postmeta' doesn't exist</span>
2021/02/27 07:24:29 : INSERT INTO `_DBPRF_wp_postmeta` (`post_id`, `meta_key`, `meta_value`) VALUES (null, '_sku', '722252302601'): <span class="message-alert-error">Table 'WORDPRESS_DB.wp_wp_postmeta' doesn't exist</span>
2021/02/27 07:24:29 : INSERT INTO `_DBPRF_wp_postmeta` (`post_id`, `meta_key`, `meta_value`) VALUES (null, '_regular_price', '20.28'): <span class="message-alert-error">Table 'WORDPRESS_DB.wp_wp_postmeta' doesn't exist</span>
2021/02/27 07:24:29 : INSERT INTO `_DBPRF_wp_postmeta` (`post_id`, `meta_key`, `meta_value`) VALUES (null, '_sale_price', '14.5000'): <span class="message-alert-error">Table 'WORDPRESS_DB.wp_wp_postmeta' doesn't exist</span>
2021/02/27 07:24:29 : INSERT INTO `_DBPRF_wp_postmeta` (`post_id`, `meta_key`, `meta_value`) VALUES (null, '_price', '14.5000'): <span class="message-alert-error">Table 'WORDPRESS_DB.wp_wp_postmeta' doesn't exist</span>
2021/02/27 07:24:29 : INSERT INTO `_DBPRF_wp_postmeta` (`post_id`, `meta_key`, `meta_value`) VALUES (null, '_weight', '2.05'): <span class="message-alert-error">Table 'WORDPRESS_DB.wp_wp_postmeta' doesn't exist</span>
2021/02/27 07:24:29 : INSERT INTO `_DBPRF_wp_postmeta` (`post_id`, `meta_key`, `meta_value`) VALUES (null, '_length', '11.0'): <span class="message-alert-error">Table 'WORDPRESS_DB.wp_wp_postmeta' doesn't exist</span>
2021/02/27 07:24:29 : INSERT INTO `_DBPRF_wp_postmeta` (`post_id`, `meta_key`, `meta_value`) VALUES (null, '_width', '5.5'): <span class="message-alert-error">Table 'WORDPRESS_DB.wp_wp_postmeta' doesn't exist</span>
2021/02/27 07:24:29 : INSERT INTO `_DBPRF_wp_postmeta` (`post_id`, `meta_key`, `meta_value`) VALUES (null, '_height', '2.25'): <span class="message-alert-error">Table 'WORDPRESS_DB.wp_wp_postmeta' doesn't exist</span>
2021/02/27 07:24:29 : INSERT INTO `_DBPRF_wp_postmeta` (`post_id`, `meta_key`, `meta_value`) VALUES (null, '_stock', '45'): <span class="message-alert-error">Table 'WORDPRESS_DB.wp_wp_postmeta' doesn't exist</span>
2021/02/27 07:24:29 : INSERT INTO `_DBPRF_wp_postmeta` (`post_id`, `meta_key`, `meta_value`) VALUES (null, '_manage_stock', 'yes'): <span class="message-alert-error">Table 'WORDPRESS_DB.wp_wp_postmeta' doesn't exist</span>
2021/02/27 07:24:29 : INSERT INTO `_DBPRF_wp_postmeta` (`post_id`, `meta_key`, `meta_value`) VALUES (null, '_stock_status', 'instock'): <span class="message-alert-error">Table 'WORDPRESS_DB.wp_wp_postmeta' doesn't exist</span>
2021/02/27 07:24:49 : INSERT INTO `_DBPRF_wp_postmeta` (`post_id`, `meta_key`, `meta_value`) VALUES (null, '_thumbnail_id', ''): <span class="message-alert-error">Table 'WORDPRESS_DB.wp_wp_postmeta' doesn't exist</span>
2021/02/27 07:24:49 : INSERT INTO `_DBPRF_wp_postmeta` (`post_id`, `meta_key`, `meta_value`) VALUES (null, '_edit_lock', 1614410689): <span class="message-alert-error">Table 'WORDPRESS_DB.wp_wp_postmeta' doesn't exist</span>
2021/02/27 07:24:49 : INSERT INTO `_DBPRF_wp_postmeta` (`post_id`, `meta_key`, `meta_value`) VALUES (null, '_sku', '722252600417'): <span class="message-alert-error">Table 'WORDPRESS_DB.wp_wp_postmeta' doesn't exist</span>
2021/02/27 07:24:49 : INSERT INTO `_DBPRF_wp_postmeta` (`post_id`, `meta_key`, `meta_value`) VALUES (null, '_regular_price', '28.68'): <span class="message-alert-error">Table 'WORDPRESS_DB.wp_wp_postmeta' doesn't exist</span>
2021/02/27 07:24:49 : INSERT INTO `_DBPRF_wp_postmeta` (`post_id`, `meta_key`, `meta_value`) VALUES (null, '_sale_price', '20.2000'): <span class="message-alert-error">Table 'WORDPRESS_DB.wp_wp_postmeta' doesn't exist</span>
2021/02/27 07:24:49 : INSERT INTO `_DBPRF_wp_postmeta` (`post_id`, `meta_key`, `meta_value`) VALUES (null, '_price', '20.2000'): <span class="message-alert-error">Table 'WORDPRESS_DB.wp_wp_postmeta' doesn't exist</span>
2021/02/27 07:24:49 : INSERT INTO `_DBPRF_wp_postmeta` (`post_id`, `meta_key`, `meta_value`) VALUES (null, '_weight', '2.05'): <span class="message-alert-error">Table 'WORDPRESS_DB.wp_wp_postmeta' doesn't exist</span>
2021/02/27 07:24:49 : INSERT INTO `_DBPRF_wp_postmeta` (`post_id`, `meta_key`, `meta_value`) VALUES (null, '_length', '9.0'): <span class="message-alert-error">Table 'WORDPRESS_DB.wp_wp_postmeta' doesn't exist</span>
2021/02/27 07:24:49 : INSERT INTO `_DBPRF_wp_postmeta` (`post_id`, `meta_key`, `meta_value`) VALUES (null, '_width', '6.0'): <span class="message-alert-error">Table 'WORDPRESS_DB.wp_wp_postmeta' doesn't exist</span>
2021/02/27 07:24:49 : INSERT INTO `_DBPRF_wp_postmeta` (`post_id`, `meta_key`, `meta_value`) VALUES (null, '_height', '2.25'): <span class="message-alert-error">Table 'WORDPRESS_DB.wp_wp_postmeta' doesn't exist</span>
2021/02/27 07:24:49 : INSERT INTO `_DBPRF_wp_postmeta` (`post_id`, `meta_key`, `meta_value`) VALUES (null, '_stock', '69'): <span class="message-alert-error">Table 'WORDPRESS_DB.wp_wp_postmeta' doesn't exist</span>
2021/02/27 07:24:49 : INSERT INTO `_DBPRF_wp_postmeta` (`post_id`, `meta_key`, `meta_value`) VALUES (null, '_manage_stock', 'yes'): <span class="message-alert-error">Table 'WORDPRESS_DB.wp_wp_postmeta' doesn't exist</span>
2021/02/27 07:24:49 : INSERT INTO `_DBPRF_wp_postmeta` (`post_id`, `meta_key`, `meta_value`) VALUES (null, '_stock_status', 'instock'): <span class="message-alert-error">Table 'WORDPRESS_DB.wp_wp_postmeta' doesn't exist</span>
