2021/02/20 09:18:54 : categories_errors 2: Traceback (most recent call last):
  File "/var/www/python/cartmigration/controllers/migration.py", line 1036, in migration
    convert = fn_convert_export(main, ext)
  File "/var/www/python/cartmigration/models/cart/custom.py", line 390, in convert_category_export
    category_data['thumb_image']['path'] = 'images/' + category['categories_image']
TypeError: can only concatenate str (not "NoneType") to str

2021/02/20 09:18:54 : categories_errors 4: Traceback (most recent call last):
  File "/var/www/python/cartmigration/controllers/migration.py", line 1036, in migration
    convert = fn_convert_export(main, ext)
  File "/var/www/python/cartmigration/models/cart/custom.py", line 390, in convert_category_export
    category_data['thumb_image']['path'] = 'images/' + category['categories_image']
TypeError: can only concatenate str (not "NoneType") to str

2021/02/20 09:18:54 : categories_errors 6: Traceback (most recent call last):
  File "/var/www/python/cartmigration/controllers/migration.py", line 1036, in migration
    convert = fn_convert_export(main, ext)
  File "/var/www/python/cartmigration/models/cart/custom.py", line 390, in convert_category_export
    category_data['thumb_image']['path'] = 'images/' + category['categories_image']
TypeError: can only concatenate str (not "NoneType") to str

2021/02/20 09:18:54 : categories_errors 7: Traceback (most recent call last):
  File "/var/www/python/cartmigration/controllers/migration.py", line 1036, in migration
    convert = fn_convert_export(main, ext)
  File "/var/www/python/cartmigration/models/cart/custom.py", line 390, in convert_category_export
    category_data['thumb_image']['path'] = 'images/' + category['categories_image']
TypeError: can only concatenate str (not "NoneType") to str

2021/02/20 09:18:54 : categories_errors 8: Traceback (most recent call last):
  File "/var/www/python/cartmigration/controllers/migration.py", line 1036, in migration
    convert = fn_convert_export(main, ext)
  File "/var/www/python/cartmigration/models/cart/custom.py", line 375, in convert_category_export
    parent_data = self.get_category_parent(category['parent_id'])
  File "/var/www/python/cartmigration/models/cart/custom.py", line 1509, in get_category_parent
    category_convert = self.convert_category_export(category, categories_ext)
  File "/var/www/python/cartmigration/models/cart/custom.py", line 390, in convert_category_export
    category_data['thumb_image']['path'] = 'images/' + category['categories_image']
TypeError: can only concatenate str (not "NoneType") to str

2021/02/20 09:18:55 : categories_errors 13: Traceback (most recent call last):
  File "/var/www/python/cartmigration/controllers/migration.py", line 1036, in migration
    convert = fn_convert_export(main, ext)
  File "/var/www/python/cartmigration/models/cart/custom.py", line 375, in convert_category_export
    parent_data = self.get_category_parent(category['parent_id'])
  File "/var/www/python/cartmigration/models/cart/custom.py", line 1509, in get_category_parent
    category_convert = self.convert_category_export(category, categories_ext)
  File "/var/www/python/cartmigration/models/cart/custom.py", line 390, in convert_category_export
    category_data['thumb_image']['path'] = 'images/' + category['categories_image']
TypeError: can only concatenate str (not "NoneType") to str

2021/02/20 09:18:55 : categories_errors 14: Traceback (most recent call last):
  File "/var/www/python/cartmigration/controllers/migration.py", line 1036, in migration
    convert = fn_convert_export(main, ext)
  File "/var/www/python/cartmigration/models/cart/custom.py", line 375, in convert_category_export
    parent_data = self.get_category_parent(category['parent_id'])
  File "/var/www/python/cartmigration/models/cart/custom.py", line 1509, in get_category_parent
    category_convert = self.convert_category_export(category, categories_ext)
  File "/var/www/python/cartmigration/models/cart/custom.py", line 390, in convert_category_export
    category_data['thumb_image']['path'] = 'images/' + category['categories_image']
TypeError: can only concatenate str (not "NoneType") to str

2021/02/20 09:18:55 : categories_errors 16: Traceback (most recent call last):
  File "/var/www/python/cartmigration/controllers/migration.py", line 1036, in migration
    convert = fn_convert_export(main, ext)
  File "/var/www/python/cartmigration/models/cart/custom.py", line 390, in convert_category_export
    category_data['thumb_image']['path'] = 'images/' + category['categories_image']
TypeError: can only concatenate str (not "NoneType") to str

2021/02/20 09:18:55 : categories_errors 17: Traceback (most recent call last):
  File "/var/www/python/cartmigration/controllers/migration.py", line 1036, in migration
    convert = fn_convert_export(main, ext)
  File "/var/www/python/cartmigration/models/cart/custom.py", line 375, in convert_category_export
    parent_data = self.get_category_parent(category['parent_id'])
  File "/var/www/python/cartmigration/models/cart/custom.py", line 1509, in get_category_parent
    category_convert = self.convert_category_export(category, categories_ext)
  File "/var/www/python/cartmigration/models/cart/custom.py", line 390, in convert_category_export
    category_data['thumb_image']['path'] = 'images/' + category['categories_image']
TypeError: can only concatenate str (not "NoneType") to str

2021/02/20 09:18:55 : categories_errors 22: Traceback (most recent call last):
  File "/var/www/python/cartmigration/controllers/migration.py", line 1036, in migration
    convert = fn_convert_export(main, ext)
  File "/var/www/python/cartmigration/models/cart/custom.py", line 390, in convert_category_export
    category_data['thumb_image']['path'] = 'images/' + category['categories_image']
TypeError: can only concatenate str (not "NoneType") to str

2021/02/20 09:18:55 : categories_errors 23: Traceback (most recent call last):
  File "/var/www/python/cartmigration/controllers/migration.py", line 1036, in migration
    convert = fn_convert_export(main, ext)
  File "/var/www/python/cartmigration/models/cart/custom.py", line 390, in convert_category_export
    category_data['thumb_image']['path'] = 'images/' + category['categories_image']
TypeError: can only concatenate str (not "NoneType") to str

2021/02/20 09:19:08 : products_errors 9: Traceback (most recent call last):
  File "/var/www/python/cartmigration/controllers/migration.py", line 1113, in migration
    after_import = fn_after_import(id_desc, convert_data, main, ext)
  File "/var/www/python/cartmigration/models/cart/woocommerce.py", line 3491, in after_product_import
    image_import_path = self.uploadImageConnector(image_process, self.add_prefix_path(), override = 'override')
TypeError: add_prefix_path() missing 1 required positional argument: 'path'

2021/02/20 09:19:29 : products_errors 10: Traceback (most recent call last):
  File "/var/www/python/cartmigration/controllers/migration.py", line 1113, in migration
    after_import = fn_after_import(id_desc, convert_data, main, ext)
  File "/var/www/python/cartmigration/models/cart/woocommerce.py", line 3491, in after_product_import
    image_import_path = self.uploadImageConnector(image_process, self.add_prefix_path(), override = 'override')
TypeError: add_prefix_path() missing 1 required positional argument: 'path'

