2021/02/27 09:34:35 : Traceback (most recent call last):
  File "/var/www/python/cartmigration/models/basecart.py", line 1325, in gzinflate
    res = zlib.decompress(compressed_data, -15)
zlib.error: Error -3 while decompressing data: invalid block type

2021/02/27 09:34:35 : Traceback (most recent call last):
  File "/var/www/python/cartmigration/models/basecart.py", line 1325, in gzinflate
    res = zlib.decompress(compressed_data, -15)
zlib.error: Error -3 while decompressing data: invalid block type

2021/02/27 09:37:20 : Traceback (most recent call last):
  File "/var/www/python/bootstrap.py", line 20, in <module>
    getattr(controller, action_name)(data)
  File "/var/www/python/cartmigration/controllers/migration.py", line 86, in start
    self.run()
  File "/var/www/python/cartmigration/controllers/migration.py", line 132, in run
    result = getattr(self, action)()
  File "/var/www/python/cartmigration/controllers/migration.py", line 898, in migration
    next_action = self._import_next_action[current]
KeyError: 'product'

2021/02/27 09:43:39 : Traceback (most recent call last):
  File "/var/www/python/cartmigration/models/basecart.py", line 1325, in gzinflate
    res = zlib.decompress(compressed_data, -15)
zlib.error: Error -3 while decompressing data: invalid block type

2021/02/27 09:43:39 : Traceback (most recent call last):
  File "/var/www/python/cartmigration/models/basecart.py", line 1325, in gzinflate
    res = zlib.decompress(compressed_data, -15)
zlib.error: Error -3 while decompressing data: invalid block type

