2021/02/27 09:34:27 : Manufacturers : INSERT INTO `_DBPRF_term_taxonomy` (`term_id`, `taxonomy`, `description`, `parent`, `count`) VALUES (null, 'product_cat', 'Muscle Enhancers', 0, 0): <span class="message-alert-error">Column 'term_id' cannot be null</span>
2021/02/27 09:34:27 : Manufacturers : INSERT INTO `_DBPRF_term_taxonomy` (`term_id`, `taxonomy`, `description`, `parent`, `count`) VALUES (null, 'product_cat', 'Pre Workout', 0, 0): <span class="message-alert-error">Column 'term_id' cannot be null</span>
2021/02/27 09:34:27 : Manufacturers : INSERT INTO `_DBPRF_term_taxonomy` (`term_id`, `taxonomy`, `description`, `parent`, `count`) VALUES (null, 'product_cat', 'Testosterone Booster', 0, 0): <span class="message-alert-error">Column 'term_id' cannot be null</span>
2021/02/27 09:34:27 : Manufacturers : INSERT INTO `_DBPRF_term_taxonomy` (`term_id`, `taxonomy`, `description`, `parent`, `count`) VALUES (null, 'product_cat', 'Weight Loss', 0, 0): <span class="message-alert-error">Column 'term_id' cannot be null</span>
2021/02/27 09:34:28 : Manufacturers : INSERT INTO `_DBPRF_term_taxonomy` (`term_id`, `taxonomy`, `description`, `parent`, `count`) VALUES (null, 'product_cat', 'Liver Support', 0, 0): <span class="message-alert-error">Column 'term_id' cannot be null</span>
2021/02/27 09:34:28 : Manufacturers : INSERT INTO `_DBPRF_term_taxonomy` (`term_id`, `taxonomy`, `description`, `parent`, `count`) VALUES (null, 'product_cat', 'Protein', 0, 0): <span class="message-alert-error">Column 'term_id' cannot be null</span>
2021/02/27 09:34:28 : Manufacturers : INSERT INTO `_DBPRF_term_taxonomy` (`term_id`, `taxonomy`, `description`, `parent`, `count`) VALUES (null, 'product_cat', 'Protein Powder', 0, 0): <span class="message-alert-error">Column 'term_id' cannot be null</span>
2021/02/27 09:34:28 : Manufacturers : INSERT INTO `_DBPRF_term_taxonomy` (`term_id`, `taxonomy`, `description`, `parent`, `count`) VALUES (null, 'product_cat', 'Energy Booster', 0, 0): <span class="message-alert-error">Column 'term_id' cannot be null</span>
2021/02/27 09:34:28 : Manufacturers : INSERT INTO `_DBPRF_term_taxonomy` (`term_id`, `taxonomy`, `description`, `parent`, `count`) VALUES (null, 'product_cat', 'Creatine', 0, 0): <span class="message-alert-error">Column 'term_id' cannot be null</span>
2021/02/27 09:34:28 : Manufacturers : INSERT INTO `_DBPRF_term_taxonomy` (`term_id`, `taxonomy`, `description`, `parent`, `count`) VALUES (null, 'product_cat', 'Post Workout', 0, 0): <span class="message-alert-error">Column 'term_id' cannot be null</span>
2021/02/27 09:34:28 : Manufacturers : INSERT INTO `_DBPRF_term_taxonomy` (`term_id`, `taxonomy`, `description`, `parent`, `count`) VALUES (null, 'product_cat', 'Accessories', 0, 0): <span class="message-alert-error">Column 'term_id' cannot be null</span>
2021/02/27 09:34:28 : Manufacturers : INSERT INTO `_DBPRF_term_taxonomy` (`term_id`, `taxonomy`, `description`, `parent`, `count`) VALUES (null, 'product_cat', 'Meal Replacement', 0, 0): <span class="message-alert-error">Column 'term_id' cannot be null</span>
2021/02/27 09:34:28 : Manufacturers : INSERT INTO `_DBPRF_term_taxonomy` (`term_id`, `taxonomy`, `description`, `parent`, `count`) VALUES (null, 'product_cat', 'Protein Bars', 0, 0): <span class="message-alert-error">Column 'term_id' cannot be null</span>
2021/02/27 09:34:28 : Manufacturers : INSERT INTO `_DBPRF_term_taxonomy` (`term_id`, `taxonomy`, `description`, `parent`, `count`) VALUES (null, 'product_cat', 'Vascular Dilators', 0, 0): <span class="message-alert-error">Column 'term_id' cannot be null</span>
2021/02/27 09:34:28 : Manufacturers : INSERT INTO `_DBPRF_term_taxonomy` (`term_id`, `taxonomy`, `description`, `parent`, `count`) VALUES (null, 'product_cat', 'Weight Gainer', 0, 0): <span class="message-alert-error">Column 'term_id' cannot be null</span>
2021/02/27 09:34:28 : Manufacturers : INSERT INTO `_DBPRF_term_taxonomy` (`term_id`, `taxonomy`, `description`, `parent`, `count`) VALUES (null, 'product_cat', 'Oatmeal', 0, 0): <span class="message-alert-error">Column 'term_id' cannot be null</span>
2021/02/27 09:34:28 : Manufacturers : INSERT INTO `_DBPRF_term_taxonomy` (`term_id`, `taxonomy`, `description`, `parent`, `count`) VALUES (null, 'product_cat', 'Detoxification', 0, 0): <span class="message-alert-error">Column 'term_id' cannot be null</span>
2021/02/27 09:34:28 : Manufacturers : INSERT INTO `_DBPRF_term_taxonomy` (`term_id`, `taxonomy`, `description`, `parent`, `count`) VALUES (null, 'product_cat', 'Vitamins and Minerals', 0, 0): <span class="message-alert-error">Column 'term_id' cannot be null</span>
2021/02/27 09:34:28 : Manufacturers : INSERT INTO `_DBPRF_term_taxonomy` (`term_id`, `taxonomy`, `description`, `parent`, `count`) VALUES (null, 'product_cat', 'Joint Support', 0, 0): <span class="message-alert-error">Column 'term_id' cannot be null</span>
2021/02/27 09:34:28 : Manufacturers : INSERT INTO `_DBPRF_term_taxonomy` (`term_id`, `taxonomy`, `description`, `parent`, `count`) VALUES (null, 'product_cat', 'Glutamine', 0, 0): <span class="message-alert-error">Column 'term_id' cannot be null</span>
