2021/02/18 10:13:29 : Manufacturers : INSERT INTO `_DBPRF_wp_term_taxonomy` (`term_id`, `taxonomy`, `description`, `parent`, `count`) VALUES (null, 'product_cat', 'Muscle Enhancers', 0, 0): <span class="message-alert-error">Table 'WORDPRESS_DB.wp_wp_term_taxonomy' doesn't exist</span>
2021/02/18 10:13:29 : Manufacturers : INSERT INTO `_DBPRF_wp_term_taxonomy` (`term_id`, `taxonomy`, `description`, `parent`, `count`) VALUES (null, 'product_cat', 'Pre Workout', 0, 0): <span class="message-alert-error">Table 'WORDPRESS_DB.wp_wp_term_taxonomy' doesn't exist</span>
2021/02/18 10:13:29 : Manufacturers : INSERT INTO `_DBPRF_wp_term_taxonomy` (`term_id`, `taxonomy`, `description`, `parent`, `count`) VALUES (null, 'product_cat', 'Testosterone Booster', 0, 0): <span class="message-alert-error">Table 'WORDPRESS_DB.wp_wp_term_taxonomy' doesn't exist</span>
2021/02/18 10:13:29 : Manufacturers : INSERT INTO `_DBPRF_wp_term_taxonomy` (`term_id`, `taxonomy`, `description`, `parent`, `count`) VALUES (null, 'product_cat', 'Weight Loss', 0, 0): <span class="message-alert-error">Table 'WORDPRESS_DB.wp_wp_term_taxonomy' doesn't exist</span>
2021/02/18 10:13:29 : Manufacturers : INSERT INTO `_DBPRF_wp_term_taxonomy` (`term_id`, `taxonomy`, `description`, `parent`, `count`) VALUES (null, 'product_cat', 'Liver Support', 0, 0): <span class="message-alert-error">Table 'WORDPRESS_DB.wp_wp_term_taxonomy' doesn't exist</span>
2021/02/18 10:13:29 : Manufacturers : INSERT INTO `_DBPRF_wp_term_taxonomy` (`term_id`, `taxonomy`, `description`, `parent`, `count`) VALUES (null, 'product_cat', 'Protein', 0, 0): <span class="message-alert-error">Table 'WORDPRESS_DB.wp_wp_term_taxonomy' doesn't exist</span>
2021/02/18 10:13:29 : Manufacturers : INSERT INTO `_DBPRF_wp_term_taxonomy` (`term_id`, `taxonomy`, `description`, `parent`, `count`) VALUES (null, 'product_cat', 'Protein Powder', 0, 0): <span class="message-alert-error">Table 'WORDPRESS_DB.wp_wp_term_taxonomy' doesn't exist</span>
2021/02/18 10:13:29 : Manufacturers : INSERT INTO `_DBPRF_wp_term_taxonomy` (`term_id`, `taxonomy`, `description`, `parent`, `count`) VALUES (null, 'product_cat', 'Energy Booster', 0, 0): <span class="message-alert-error">Table 'WORDPRESS_DB.wp_wp_term_taxonomy' doesn't exist</span>
2021/02/18 10:13:29 : Manufacturers : INSERT INTO `_DBPRF_wp_term_taxonomy` (`term_id`, `taxonomy`, `description`, `parent`, `count`) VALUES (null, 'product_cat', 'Creatine', 0, 0): <span class="message-alert-error">Table 'WORDPRESS_DB.wp_wp_term_taxonomy' doesn't exist</span>
2021/02/18 10:13:29 : Manufacturers : INSERT INTO `_DBPRF_wp_term_taxonomy` (`term_id`, `taxonomy`, `description`, `parent`, `count`) VALUES (null, 'product_cat', 'Post Workout', 0, 0): <span class="message-alert-error">Table 'WORDPRESS_DB.wp_wp_term_taxonomy' doesn't exist</span>
2021/02/18 10:13:29 : Manufacturers : INSERT INTO `_DBPRF_wp_term_taxonomy` (`term_id`, `taxonomy`, `description`, `parent`, `count`) VALUES (null, 'product_cat', 'Accessories', 0, 0): <span class="message-alert-error">Table 'WORDPRESS_DB.wp_wp_term_taxonomy' doesn't exist</span>
2021/02/18 10:13:29 : Manufacturers : INSERT INTO `_DBPRF_wp_term_taxonomy` (`term_id`, `taxonomy`, `description`, `parent`, `count`) VALUES (null, 'product_cat', 'Meal Replacement', 0, 0): <span class="message-alert-error">Table 'WORDPRESS_DB.wp_wp_term_taxonomy' doesn't exist</span>
2021/02/18 10:13:29 : Manufacturers : INSERT INTO `_DBPRF_wp_term_taxonomy` (`term_id`, `taxonomy`, `description`, `parent`, `count`) VALUES (null, 'product_cat', 'Protein Bars', 0, 0): <span class="message-alert-error">Table 'WORDPRESS_DB.wp_wp_term_taxonomy' doesn't exist</span>
2021/02/18 10:13:29 : Manufacturers : INSERT INTO `_DBPRF_wp_term_taxonomy` (`term_id`, `taxonomy`, `description`, `parent`, `count`) VALUES (null, 'product_cat', 'Vascular Dilators', 0, 0): <span class="message-alert-error">Table 'WORDPRESS_DB.wp_wp_term_taxonomy' doesn't exist</span>
2021/02/18 10:13:29 : Manufacturers : INSERT INTO `_DBPRF_wp_term_taxonomy` (`term_id`, `taxonomy`, `description`, `parent`, `count`) VALUES (null, 'product_cat', 'Weight Gainer', 0, 0): <span class="message-alert-error">Table 'WORDPRESS_DB.wp_wp_term_taxonomy' doesn't exist</span>
2021/02/18 10:13:29 : Manufacturers : INSERT INTO `_DBPRF_wp_term_taxonomy` (`term_id`, `taxonomy`, `description`, `parent`, `count`) VALUES (null, 'product_cat', 'Oatmeal', 0, 0): <span class="message-alert-error">Table 'WORDPRESS_DB.wp_wp_term_taxonomy' doesn't exist</span>
2021/02/18 10:13:29 : Manufacturers : INSERT INTO `_DBPRF_wp_term_taxonomy` (`term_id`, `taxonomy`, `description`, `parent`, `count`) VALUES (null, 'product_cat', 'Detoxification', 0, 0): <span class="message-alert-error">Table 'WORDPRESS_DB.wp_wp_term_taxonomy' doesn't exist</span>
2021/02/18 10:13:29 : Manufacturers : INSERT INTO `_DBPRF_wp_term_taxonomy` (`term_id`, `taxonomy`, `description`, `parent`, `count`) VALUES (null, 'product_cat', 'Vitamins and Minerals', 0, 0): <span class="message-alert-error">Table 'WORDPRESS_DB.wp_wp_term_taxonomy' doesn't exist</span>
2021/02/18 10:13:29 : Manufacturers : INSERT INTO `_DBPRF_wp_term_taxonomy` (`term_id`, `taxonomy`, `description`, `parent`, `count`) VALUES (null, 'product_cat', 'Joint Support', 0, 0): <span class="message-alert-error">Table 'WORDPRESS_DB.wp_wp_term_taxonomy' doesn't exist</span>
2021/02/18 10:13:29 : Manufacturers : INSERT INTO `_DBPRF_wp_term_taxonomy` (`term_id`, `taxonomy`, `description`, `parent`, `count`) VALUES (null, 'product_cat', 'Glutamine', 0, 0): <span class="message-alert-error">Table 'WORDPRESS_DB.wp_wp_term_taxonomy' doesn't exist</span>
