2021/02/26 17:36:42 : ---------- Starting Demo Migration ID: 145 ----------
2021/02/26 17:36:44 : Current categories, products, customers, orders cleared
2021/02/26 17:36:45 : Migration of Categories is completed
2021/02/26 17:36:48 : Migration of Products is completed
2021/02/26 17:36:48 : Migration of Customers is completed
2021/02/26 17:36:51 : Migration of Orders is completed
2021/02/26 17:36:52 : Demo Migration ID: 145 completed
2021/02/26 18:09:46 : Migration of Categories is completed
2021/02/26 18:09:46 : Migration of Products is completed
2021/02/26 18:09:46 : Migration of Customers is completed
2021/02/26 18:09:47 : Migration of Orders is completed
2021/02/26 18:09:47 : Demo Migration ID: 145 completed
2021/02/26 18:12:02 : Migration of Categories is completed
2021/02/26 18:12:03 : Migration of Products is completed
2021/02/26 18:12:03 : Migration of Customers is completed
2021/02/26 18:12:03 : Migration of Orders is completed
2021/02/26 18:12:04 : Demo Migration ID: 145 completed
2021/02/26 18:16:39 : Migration of Products is completed
2021/02/26 18:16:39 : Migration of Customers is completed
2021/02/26 18:16:39 : Migration of Orders is completed
2021/02/26 18:16:40 : Demo Migration ID: 145 completed
2021/02/26 18:31:05 : Migration of Products is completed
2021/02/26 18:31:05 : Migration of Customers is completed
2021/02/26 18:31:05 : Migration of Orders is completed
2021/02/26 18:31:06 : Demo Migration ID: 145 completed
2021/02/26 18:36:11 : Migration of Products is completed
2021/02/26 18:36:11 : Migration of Customers is completed
2021/02/26 18:36:12 : Migration of Orders is completed
2021/02/26 18:36:12 : Demo Migration ID: 145 completed
2021/02/26 18:56:26 : Migration of Products is completed
2021/02/26 18:56:26 : Migration of Customers is completed
2021/02/26 18:56:26 : Migration of Orders is completed
2021/02/26 18:56:27 : Demo Migration ID: 145 completed
