2021/02/18 08:12:04 : products_errors 9: Traceback (most recent call last):
  File "/var/www/python/cartmigration/controllers/migration.py", line 1072, in migration
    import_data = fn_import(convert_data, main, ext)
  File "/var/www/python/cartmigration/models/cart/woocommerce.py", line 3428, in product_import
    return response_success(product_import)
NameError: name 'product_import' is not defined

2021/02/18 08:12:04 : products_errors 10: Traceback (most recent call last):
  File "/var/www/python/cartmigration/controllers/migration.py", line 1072, in migration
    import_data = fn_import(convert_data, main, ext)
  File "/var/www/python/cartmigration/models/cart/woocommerce.py", line 3428, in product_import
    return response_success(product_import)
NameError: name 'product_import' is not defined

2021/02/18 08:12:04 : products_errors 16: Traceback (most recent call last):
  File "/var/www/python/cartmigration/controllers/migration.py", line 1072, in migration
    import_data = fn_import(convert_data, main, ext)
  File "/var/www/python/cartmigration/models/cart/woocommerce.py", line 3428, in product_import
    return response_success(product_import)
NameError: name 'product_import' is not defined

2021/02/18 08:12:04 : products_errors 17: Traceback (most recent call last):
  File "/var/www/python/cartmigration/controllers/migration.py", line 1072, in migration
    import_data = fn_import(convert_data, main, ext)
  File "/var/www/python/cartmigration/models/cart/woocommerce.py", line 3428, in product_import
    return response_success(product_import)
NameError: name 'product_import' is not defined

2021/02/18 08:12:06 : products_errors 18: Traceback (most recent call last):
  File "/var/www/python/cartmigration/controllers/migration.py", line 1072, in migration
    import_data = fn_import(convert_data, main, ext)
  File "/var/www/python/cartmigration/models/cart/woocommerce.py", line 3428, in product_import
    return response_success(product_import)
NameError: name 'product_import' is not defined

2021/02/18 08:12:06 : products_errors 19: Traceback (most recent call last):
  File "/var/www/python/cartmigration/controllers/migration.py", line 1072, in migration
    import_data = fn_import(convert_data, main, ext)
  File "/var/www/python/cartmigration/models/cart/woocommerce.py", line 3428, in product_import
    return response_success(product_import)
NameError: name 'product_import' is not defined

2021/02/18 08:12:06 : products_errors 20: Traceback (most recent call last):
  File "/var/www/python/cartmigration/controllers/migration.py", line 1072, in migration
    import_data = fn_import(convert_data, main, ext)
  File "/var/www/python/cartmigration/models/cart/woocommerce.py", line 3428, in product_import
    return response_success(product_import)
NameError: name 'product_import' is not defined

2021/02/18 08:12:06 : products_errors 22: Traceback (most recent call last):
  File "/var/www/python/cartmigration/controllers/migration.py", line 1072, in migration
    import_data = fn_import(convert_data, main, ext)
  File "/var/www/python/cartmigration/models/cart/woocommerce.py", line 3428, in product_import
    return response_success(product_import)
NameError: name 'product_import' is not defined

2021/02/18 08:12:08 : products_errors 23: Traceback (most recent call last):
  File "/var/www/python/cartmigration/controllers/migration.py", line 1072, in migration
    import_data = fn_import(convert_data, main, ext)
  File "/var/www/python/cartmigration/models/cart/woocommerce.py", line 3428, in product_import
    return response_success(product_import)
NameError: name 'product_import' is not defined

2021/02/18 08:12:08 : products_errors 24: Traceback (most recent call last):
  File "/var/www/python/cartmigration/controllers/migration.py", line 1072, in migration
    import_data = fn_import(convert_data, main, ext)
  File "/var/www/python/cartmigration/models/cart/woocommerce.py", line 3428, in product_import
    return response_success(product_import)
NameError: name 'product_import' is not defined

2021/02/18 08:12:08 : products_errors 25: Traceback (most recent call last):
  File "/var/www/python/cartmigration/controllers/migration.py", line 1072, in migration
    import_data = fn_import(convert_data, main, ext)
  File "/var/www/python/cartmigration/models/cart/woocommerce.py", line 3428, in product_import
    return response_success(product_import)
NameError: name 'product_import' is not defined

2021/02/18 08:12:08 : products_errors 37: Traceback (most recent call last):
  File "/var/www/python/cartmigration/controllers/migration.py", line 1072, in migration
    import_data = fn_import(convert_data, main, ext)
  File "/var/www/python/cartmigration/models/cart/woocommerce.py", line 3428, in product_import
    return response_success(product_import)
NameError: name 'product_import' is not defined

2021/02/18 08:12:09 : products_errors 39: Traceback (most recent call last):
  File "/var/www/python/cartmigration/controllers/migration.py", line 1072, in migration
    import_data = fn_import(convert_data, main, ext)
  File "/var/www/python/cartmigration/models/cart/woocommerce.py", line 3428, in product_import
    return response_success(product_import)
NameError: name 'product_import' is not defined

2021/02/18 08:12:09 : products_errors 41: Traceback (most recent call last):
  File "/var/www/python/cartmigration/controllers/migration.py", line 1072, in migration
    import_data = fn_import(convert_data, main, ext)
  File "/var/www/python/cartmigration/models/cart/woocommerce.py", line 3428, in product_import
    return response_success(product_import)
NameError: name 'product_import' is not defined

2021/02/18 08:12:09 : products_errors 42: Traceback (most recent call last):
  File "/var/www/python/cartmigration/controllers/migration.py", line 1072, in migration
    import_data = fn_import(convert_data, main, ext)
  File "/var/www/python/cartmigration/models/cart/woocommerce.py", line 3428, in product_import
    return response_success(product_import)
NameError: name 'product_import' is not defined

2021/02/18 08:12:09 : products_errors 43: Traceback (most recent call last):
  File "/var/www/python/cartmigration/controllers/migration.py", line 1072, in migration
    import_data = fn_import(convert_data, main, ext)
  File "/var/www/python/cartmigration/models/cart/woocommerce.py", line 3428, in product_import
    return response_success(product_import)
NameError: name 'product_import' is not defined

2021/02/18 08:12:09 : products_errors 44: Traceback (most recent call last):
  File "/var/www/python/cartmigration/controllers/migration.py", line 1072, in migration
    import_data = fn_import(convert_data, main, ext)
  File "/var/www/python/cartmigration/models/cart/woocommerce.py", line 3428, in product_import
    return response_success(product_import)
NameError: name 'product_import' is not defined

2021/02/18 08:12:09 : products_errors 47: Traceback (most recent call last):
  File "/var/www/python/cartmigration/controllers/migration.py", line 1072, in migration
    import_data = fn_import(convert_data, main, ext)
  File "/var/www/python/cartmigration/models/cart/woocommerce.py", line 3428, in product_import
    return response_success(product_import)
NameError: name 'product_import' is not defined

2021/02/18 08:12:09 : products_errors 48: Traceback (most recent call last):
  File "/var/www/python/cartmigration/controllers/migration.py", line 1072, in migration
    import_data = fn_import(convert_data, main, ext)
  File "/var/www/python/cartmigration/models/cart/woocommerce.py", line 3428, in product_import
    return response_success(product_import)
NameError: name 'product_import' is not defined

2021/02/18 08:12:09 : products_errors 49: Traceback (most recent call last):
  File "/var/www/python/cartmigration/controllers/migration.py", line 1072, in migration
    import_data = fn_import(convert_data, main, ext)
  File "/var/www/python/cartmigration/models/cart/woocommerce.py", line 3428, in product_import
    return response_success(product_import)
NameError: name 'product_import' is not defined

