2021/02/18 08:32:04 : Category id 2 import failed.
2021/02/18 08:32:04 : Category id 3 import failed.
2021/02/18 08:32:04 : Category id 4 import failed.
2021/02/18 08:32:04 : Category id 5 import failed.
2021/02/18 08:32:04 : Category id 6 import failed.
2021/02/18 08:32:04 : Category id 7 import failed.
2021/02/18 08:32:04 : Category id 8 import failed.
2021/02/18 08:32:04 : Category id 9 import failed.
2021/02/18 08:32:04 : Category id 10 import failed.
2021/02/18 08:32:04 : Category id 11 import failed.
2021/02/18 08:32:04 : Category id 12 import failed.
2021/02/18 08:32:04 : Category id 13 import failed.
2021/02/18 08:32:04 : Category id 14 import failed.
2021/02/18 08:32:04 : Category id 15 import failed.
2021/02/18 08:32:04 : Category id 16 import failed.
2021/02/18 08:32:04 : Category id 17 import failed.
2021/02/18 08:32:04 : Category id 19 import failed.
2021/02/18 08:32:04 : Category id 20 import failed.
2021/02/18 08:32:04 : Category id 22 import failed.
2021/02/18 08:32:04 : Category id 23 import failed.
2021/02/18 08:32:05 : Product id 9 import failed.
2021/02/18 08:32:05 : Product id 10 import failed.
2021/02/18 08:32:05 : Product id 16 import failed.
2021/02/18 08:32:05 : Product id 17 import failed.
2021/02/18 08:32:05 : Product id 18 import failed.
2021/02/18 08:32:05 : Product id 19 import failed.
2021/02/18 08:32:05 : Product id 20 import failed.
2021/02/18 08:32:05 : Product id 22 import failed.
2021/02/18 08:32:05 : Product id 23 import failed.
2021/02/18 08:32:05 : Product id 24 import failed.
2021/02/18 08:32:05 : Product id 25 import failed.
2021/02/18 08:32:05 : Product id 37 import failed.
2021/02/18 08:32:05 : Product id 39 import failed.
2021/02/18 08:32:05 : Product id 41 import failed.
2021/02/18 08:32:05 : Product id 42 import failed.
2021/02/18 08:32:05 : Product id 43 import failed.
2021/02/18 08:32:05 : Product id 44 import failed.
2021/02/18 08:32:05 : Product id 47 import failed.
2021/02/18 08:32:05 : Product id 48 import failed.
2021/02/18 08:32:05 : Product id 49 import failed.
2021/02/18 08:32:06 : Customer id 1 import failed.
2021/02/18 08:32:06 : Customer id 3 import failed.
2021/02/18 08:32:06 : orders_errors 1: Traceback (most recent call last):
  File "/var/www/python/cartmigration/controllers/migration.py", line 1072, in migration
    import_data = fn_import(convert_data, main, ext)
  File "/var/www/python/cartmigration/models/cart/woocommerce.py", line 4213, in order_import
    id_address_delivery = self.insert_address(id_customer, convert['shipping_address'])
AttributeError: 'LeCartWoocommerce' object has no attribute 'insert_address'

2021/02/18 08:32:06 : orders_errors 2: Traceback (most recent call last):
  File "/var/www/python/cartmigration/controllers/migration.py", line 1072, in migration
    import_data = fn_import(convert_data, main, ext)
  File "/var/www/python/cartmigration/models/cart/woocommerce.py", line 4213, in order_import
    id_address_delivery = self.insert_address(id_customer, convert['shipping_address'])
AttributeError: 'LeCartWoocommerce' object has no attribute 'insert_address'

2021/02/18 08:32:06 : orders_errors 3: Traceback (most recent call last):
  File "/var/www/python/cartmigration/controllers/migration.py", line 1072, in migration
    import_data = fn_import(convert_data, main, ext)
  File "/var/www/python/cartmigration/models/cart/woocommerce.py", line 4213, in order_import
    id_address_delivery = self.insert_address(id_customer, convert['shipping_address'])
AttributeError: 'LeCartWoocommerce' object has no attribute 'insert_address'

2021/02/18 08:32:06 : orders_errors 4: Traceback (most recent call last):
  File "/var/www/python/cartmigration/controllers/migration.py", line 1072, in migration
    import_data = fn_import(convert_data, main, ext)
  File "/var/www/python/cartmigration/models/cart/woocommerce.py", line 4213, in order_import
    id_address_delivery = self.insert_address(id_customer, convert['shipping_address'])
AttributeError: 'LeCartWoocommerce' object has no attribute 'insert_address'

2021/02/18 08:32:06 : orders_errors 5: Traceback (most recent call last):
  File "/var/www/python/cartmigration/controllers/migration.py", line 1072, in migration
    import_data = fn_import(convert_data, main, ext)
  File "/var/www/python/cartmigration/models/cart/woocommerce.py", line 4213, in order_import
    id_address_delivery = self.insert_address(id_customer, convert['shipping_address'])
AttributeError: 'LeCartWoocommerce' object has no attribute 'insert_address'

2021/02/18 08:32:06 : orders_errors 6: Traceback (most recent call last):
  File "/var/www/python/cartmigration/controllers/migration.py", line 1072, in migration
    import_data = fn_import(convert_data, main, ext)
  File "/var/www/python/cartmigration/models/cart/woocommerce.py", line 4213, in order_import
    id_address_delivery = self.insert_address(id_customer, convert['shipping_address'])
AttributeError: 'LeCartWoocommerce' object has no attribute 'insert_address'

2021/02/18 08:32:06 : orders_errors 7: Traceback (most recent call last):
  File "/var/www/python/cartmigration/controllers/migration.py", line 1072, in migration
    import_data = fn_import(convert_data, main, ext)
  File "/var/www/python/cartmigration/models/cart/woocommerce.py", line 4213, in order_import
    id_address_delivery = self.insert_address(id_customer, convert['shipping_address'])
AttributeError: 'LeCartWoocommerce' object has no attribute 'insert_address'

2021/02/18 08:32:06 : orders_errors 8: Traceback (most recent call last):
  File "/var/www/python/cartmigration/controllers/migration.py", line 1072, in migration
    import_data = fn_import(convert_data, main, ext)
  File "/var/www/python/cartmigration/models/cart/woocommerce.py", line 4213, in order_import
    id_address_delivery = self.insert_address(id_customer, convert['shipping_address'])
AttributeError: 'LeCartWoocommerce' object has no attribute 'insert_address'

